{"D:\\workspace\\powerplatform-vscode\\.vscode-test\\user-data\\User\\globalStorage\\microsoft-isvexptools.powerplatform-vscode\\pac\\tools\\.playwright\\package\\index.d.ts":{"path":"D:\\workspace\\powerplatform-vscode\\.vscode-test\\user-data\\User\\globalStorage\\microsoft-isvexptools.powerplatform-vscode\\pac\\tools\\.playwright\\package\\index.d.ts","statementMap":{},"fnMap":{},"branchMap":{},"s":{},"f":{},"b":{},"all":true},"D:\\workspace\\powerplatform-vscode\\.vscode-test\\user-data\\User\\globalStorage\\microsoft-isvexptools.powerplatform-vscode\\pac\\tools\\.playwright\\package\\types\\protocol.d.ts":{"path":"D:\\workspace\\powerplatform-vscode\\.vscode-test\\user-data\\User\\globalStorage\\microsoft-isvexptools.powerplatform-vscode\\pac\\tools\\.playwright\\package\\types\\protocol.d.ts","statementMap":{},"fnMap":{},"branchMap":{},"s":{},"f":{},"b":{},"all":true},"D:\\workspace\\powerplatform-vscode\\.vscode-test\\user-data\\User\\globalStorage\\microsoft-isvexptools.powerplatform-vscode\\pac\\tools\\.playwright\\package\\types\\structs.d.ts":{"path":"D:\\workspace\\powerplatform-vscode\\.vscode-test\\user-data\\User\\globalStorage\\microsoft-isvexptools.powerplatform-vscode\\pac\\tools\\.playwright\\package\\types\\structs.d.ts","statementMap":{},"fnMap":{},"branchMap":{},"s":{},"f":{},"b":{},"all":true},"D:\\workspace\\powerplatform-vscode\\.vscode-test\\user-data\\User\\globalStorage\\microsoft-isvexptools.powerplatform-vscode\\pac\\tools\\templates\\pcf\\control\\dataset-template\\generated\\ManifestTypes.d.ts":{"path":"D:\\workspace\\powerplatform-vscode\\.vscode-test\\user-data\\User\\globalStorage\\microsoft-isvexptools.powerplatform-vscode\\pac\\tools\\templates\\pcf\\control\\dataset-template\\generated\\ManifestTypes.d.ts","statementMap":{},"fnMap":{},"branchMap":{},"s":{},"f":{},"b":{},"all":true},"D:\\workspace\\powerplatform-vscode\\.vscode-test\\user-data\\User\\globalStorage\\microsoft-isvexptools.powerplatform-vscode\\pac\\tools\\templates\\pcf\\control\\dataset-template\\template_index.ts":{"path":"D:\\workspace\\powerplatform-vscode\\.vscode-test\\user-data\\User\\globalStorage\\microsoft-isvexptools.powerplatform-vscode\\pac\\tools\\templates\\pcf\\control\\dataset-template\\template_index.ts","statementMap":{"0":{"start":{"line":44,"column":8},"end":{"line":44,"column":18}}},"fnMap":{"0":{"name":"(anonymous_0)","decl":{"start":{"line":10,"column":4},"end":{"line":10,"column":5}},"loc":{"start":{"line":11,"column":4},"end":{"line":13,"column":5}},"line":11},"1":{"name":"(anonymous_1)","decl":{"start":{"line":23,"column":4},"end":{"line":23,"column":5}},"loc":{"start":{"line":24,"column":4},"end":{"line":26,"column":5}},"line":24},"2":{"name":"(anonymous_2)","decl":{"start":{"line":33,"column":4},"end":{"line":33,"column":5}},"loc":{"start":{"line":34,"column":4},"end":{"line":36,"column":5}},"line":34},"3":{"name":"(anonymous_3)","decl":{"start":{"line":42,"column":4},"end":{"line":42,"column":5}},"loc":{"start":{"line":43,"column":4},"end":{"line":45,"column":5}},"line":43},"4":{"name":"(anonymous_4)","decl":{"start":{"line":51,"column":4},"end":{"line":51,"column":5}},"loc":{"start":{"line":52,"column":4},"end":{"line":54,"column":5}},"line":52}},"branchMap":{},"s":{"0":0},"f":{"0":0,"1":0,"2":0,"3":0,"4":0},"b":{},"all":true},"D:\\workspace\\powerplatform-vscode\\.vscode-test\\user-data\\User\\globalStorage\\microsoft-isvexptools.powerplatform-vscode\\pac\\tools\\templates\\pcf\\control\\design-maps\\index-template\\theming_template_index.ts":{"path":"D:\\workspace\\powerplatform-vscode\\.vscode-test\\user-data\\User\\globalStorage\\microsoft-isvexptools.powerplatform-vscode\\pac\\tools\\templates\\pcf\\control\\design-maps\\index-template\\theming_template_index.ts","statementMap":{"0":{"start":{"line":41,"column":8},"end":{"line":41,"column":18}}},"fnMap":{"0":{"name":"(anonymous_0)","decl":{"start":{"line":12,"column":4},"end":{"line":12,"column":5}},"loc":{"start":{"line":12,"column":18},"end":{"line":14,"column":5}},"line":12},"1":{"name":"(anonymous_1)","decl":{"start":{"line":24,"column":4},"end":{"line":24,"column":5}},"loc":{"start":{"line":24,"column":156},"end":{"line":26,"column":5}},"line":24},"2":{"name":"(anonymous_2)","decl":{"start":{"line":32,"column":4},"end":{"line":32,"column":5}},"loc":{"start":{"line":32,"column":70},"end":{"line":34,"column":5}},"line":32},"3":{"name":"(anonymous_3)","decl":{"start":{"line":40,"column":4},"end":{"line":40,"column":5}},"loc":{"start":{"line":40,"column":34},"end":{"line":42,"column":5}},"line":40},"4":{"name":"(anonymous_4)","decl":{"start":{"line":48,"column":4},"end":{"line":48,"column":5}},"loc":{"start":{"line":48,"column":27},"end":{"line":50,"column":5}},"line":48}},"branchMap":{},"s":{"0":0},"f":{"0":0,"1":0,"2":0,"3":0,"4":0},"b":{},"all":true},"D:\\workspace\\powerplatform-vscode\\.vscode-test\\user-data\\User\\globalStorage\\microsoft-isvexptools.powerplatform-vscode\\pac\\tools\\templates\\pcf\\control\\field-template\\generated\\ManifestTypes.d.ts":{"path":"D:\\workspace\\powerplatform-vscode\\.vscode-test\\user-data\\User\\globalStorage\\microsoft-isvexptools.powerplatform-vscode\\pac\\tools\\templates\\pcf\\control\\field-template\\generated\\ManifestTypes.d.ts","statementMap":{},"fnMap":{},"branchMap":{},"s":{},"f":{},"b":{},"all":true},"D:\\workspace\\powerplatform-vscode\\.vscode-test\\user-data\\User\\globalStorage\\microsoft-isvexptools.powerplatform-vscode\\pac\\tools\\templates\\pcf\\control\\field-template\\template_index.ts":{"path":"D:\\workspace\\powerplatform-vscode\\.vscode-test\\user-data\\User\\globalStorage\\microsoft-isvexptools.powerplatform-vscode\\pac\\tools\\templates\\pcf\\control\\field-template\\template_index.ts","statementMap":{"0":{"start":{"line":42,"column":8},"end":{"line":42,"column":18}}},"fnMap":{"0":{"name":"(anonymous_0)","decl":{"start":{"line":8,"column":4},"end":{"line":8,"column":5}},"loc":{"start":{"line":9,"column":4},"end":{"line":11,"column":5}},"line":9},"1":{"name":"(anonymous_1)","decl":{"start":{"line":21,"column":4},"end":{"line":21,"column":5}},"loc":{"start":{"line":22,"column":4},"end":{"line":24,"column":5}},"line":22},"2":{"name":"(anonymous_2)","decl":{"start":{"line":31,"column":4},"end":{"line":31,"column":5}},"loc":{"start":{"line":32,"column":4},"end":{"line":34,"column":5}},"line":32},"3":{"name":"(anonymous_3)","decl":{"start":{"line":40,"column":4},"end":{"line":40,"column":5}},"loc":{"start":{"line":41,"column":4},"end":{"line":43,"column":5}},"line":41},"4":{"name":"(anonymous_4)","decl":{"start":{"line":49,"column":4},"end":{"line":49,"column":5}},"loc":{"start":{"line":50,"column":4},"end":{"line":52,"column":5}},"line":50}},"branchMap":{},"s":{"0":0},"f":{"0":0,"1":0,"2":0,"3":0,"4":0},"b":{},"all":true},"D:\\workspace\\powerplatform-vscode\\.vscode-test\\user-data\\User\\globalStorage\\microsoft-isvexptools.powerplatform-vscode\\pac\\tools\\templates\\pcf\\control\\react-dataset-template\\generated\\ManifestTypes.d.ts":{"path":"D:\\workspace\\powerplatform-vscode\\.vscode-test\\user-data\\User\\globalStorage\\microsoft-isvexptools.powerplatform-vscode\\pac\\tools\\templates\\pcf\\control\\react-dataset-template\\generated\\ManifestTypes.d.ts","statementMap":{},"fnMap":{},"branchMap":{},"s":{},"f":{},"b":{},"all":true},"D:\\workspace\\powerplatform-vscode\\.vscode-test\\user-data\\User\\globalStorage\\microsoft-isvexptools.powerplatform-vscode\\pac\\tools\\templates\\pcf\\control\\react-dataset-template\\template_index.ts":{"path":"D:\\workspace\\powerplatform-vscode\\.vscode-test\\user-data\\User\\globalStorage\\microsoft-isvexptools.powerplatform-vscode\\pac\\tools\\templates\\pcf\\control\\react-dataset-template\\template_index.ts","statementMap":{"0":{"start":{"line":26,"column":8},"end":{"line":26,"column":55}},"1":{"start":{"line":35,"column":40},"end":{"line":35,"column":65}},"2":{"start":{"line":36,"column":8},"end":{"line":38,"column":10}},"3":{"start":{"line":46,"column":8},"end":{"line":46,"column":19}}},"fnMap":{"0":{"name":"(anonymous_0)","decl":{"start":{"line":12,"column":4},"end":{"line":12,"column":5}},"loc":{"start":{"line":12,"column":18},"end":{"line":12,"column":21}},"line":12},"1":{"name":"(anonymous_1)","decl":{"start":{"line":21,"column":4},"end":{"line":21,"column":5}},"loc":{"start":{"line":25,"column":12},"end":{"line":27,"column":5}},"line":25},"2":{"name":"(anonymous_2)","decl":{"start":{"line":34,"column":4},"end":{"line":34,"column":5}},"loc":{"start":{"line":34,"column":88},"end":{"line":39,"column":5}},"line":34},"3":{"name":"(anonymous_3)","decl":{"start":{"line":45,"column":4},"end":{"line":45,"column":5}},"loc":{"start":{"line":45,"column":34},"end":{"line":47,"column":5}},"line":45},"4":{"name":"(anonymous_4)","decl":{"start":{"line":53,"column":4},"end":{"line":53,"column":5}},"loc":{"start":{"line":53,"column":27},"end":{"line":55,"column":5}},"line":53}},"branchMap":{},"s":{"0":0,"1":0,"2":0,"3":0},"f":{"0":0,"1":0,"2":0,"3":0,"4":0},"b":{},"all":true},"D:\\workspace\\powerplatform-vscode\\.vscode-test\\user-data\\User\\globalStorage\\microsoft-isvexptools.powerplatform-vscode\\pac\\tools\\templates\\pcf\\control\\react-field-template\\generated\\ManifestTypes.d.ts":{"path":"D:\\workspace\\powerplatform-vscode\\.vscode-test\\user-data\\User\\globalStorage\\microsoft-isvexptools.powerplatform-vscode\\pac\\tools\\templates\\pcf\\control\\react-field-template\\generated\\ManifestTypes.d.ts","statementMap":{},"fnMap":{},"branchMap":{},"s":{},"f":{},"b":{},"all":true},"D:\\workspace\\powerplatform-vscode\\.vscode-test\\user-data\\User\\globalStorage\\microsoft-isvexptools.powerplatform-vscode\\pac\\tools\\templates\\pcf\\control\\react-field-template\\template_index.ts":{"path":"D:\\workspace\\powerplatform-vscode\\.vscode-test\\user-data\\User\\globalStorage\\microsoft-isvexptools.powerplatform-vscode\\pac\\tools\\templates\\pcf\\control\\react-field-template\\template_index.ts","statementMap":{"0":{"start":{"line":26,"column":8},"end":{"line":26,"column":55}},"1":{"start":{"line":35,"column":40},"end":{"line":35,"column":65}},"2":{"start":{"line":36,"column":8},"end":{"line":38,"column":10}},"3":{"start":{"line":46,"column":8},"end":{"line":46,"column":19}}},"fnMap":{"0":{"name":"(anonymous_0)","decl":{"start":{"line":12,"column":4},"end":{"line":12,"column":5}},"loc":{"start":{"line":12,"column":18},"end":{"line":12,"column":21}},"line":12},"1":{"name":"(anonymous_1)","decl":{"start":{"line":21,"column":4},"end":{"line":21,"column":5}},"loc":{"start":{"line":25,"column":12},"end":{"line":27,"column":5}},"line":25},"2":{"name":"(anonymous_2)","decl":{"start":{"line":34,"column":4},"end":{"line":34,"column":5}},"loc":{"start":{"line":34,"column":88},"end":{"line":39,"column":5}},"line":34},"3":{"name":"(anonymous_3)","decl":{"start":{"line":45,"column":4},"end":{"line":45,"column":5}},"loc":{"start":{"line":45,"column":34},"end":{"line":47,"column":5}},"line":45},"4":{"name":"(anonymous_4)","decl":{"start":{"line":53,"column":4},"end":{"line":53,"column":5}},"loc":{"start":{"line":53,"column":27},"end":{"line":55,"column":5}},"line":53}},"branchMap":{},"s":{"0":0,"1":0,"2":0,"3":0},"f":{"0":0,"1":0,"2":0,"3":0,"4":0},"b":{},"all":true},"D:\\workspace\\powerplatform-vscode\\.vscode-test\\vscode-win32-x64-archive-insiders\\resources\\app\\extensions\\html-language-features\\server\\lib\\jquery.d.ts":{"path":"D:\\workspace\\powerplatform-vscode\\.vscode-test\\vscode-win32-x64-archive-insiders\\resources\\app\\extensions\\html-language-features\\server\\lib\\jquery.d.ts","statementMap":{},"fnMap":{},"branchMap":{},"s":{},"f":{},"b":{},"all":true},"D:\\workspace\\powerplatform-vscode\\.vscode-test\\vscode-win32-x64-archive-insiders\\resources\\app\\extensions\\markdown-language-features\\types\\previewMessaging.d.ts":{"path":"D:\\workspace\\powerplatform-vscode\\.vscode-test\\vscode-win32-x64-archive-insiders\\resources\\app\\extensions\\markdown-language-features\\types\\previewMessaging.d.ts","statementMap":{},"fnMap":{},"branchMap":{},"s":{},"f":{},"b":{},"all":true},"D:\\workspace\\powerplatform-vscode\\.vscode-test\\vscode-win32-x64-archive-insiders\\resources\\app\\out\\vscode-dts\\vscode.d.ts":{"path":"D:\\workspace\\powerplatform-vscode\\.vscode-test\\vscode-win32-x64-archive-insiders\\resources\\app\\out\\vscode-dts\\vscode.d.ts","statementMap":{},"fnMap":{},"branchMap":{},"s":{},"f":{},"b":{},"all":true},"D:\\workspace\\powerplatform-vscode\\src\\client\\constants.ts":{"path":"D:\\workspace\\powerplatform-vscode\\src\\client\\constants.ts","statementMap":{"0":{"start":{"line":7,"column":28},"end":{"line":7,"column":72}},"1":{"start":{"line":12,"column":30},"end":{"line":12,"column":52}},"2":{"start":{"line":17,"column":48},"end":{"line":17,"column":76}},"3":{"start":{"line":22,"column":46},"end":{"line":22,"column":50}},"4":{"start":{"line":27,"column":46},"end":{"line":27,"column":51}},"5":{"start":{"line":32,"column":52},"end":{"line":32,"column":85}},"6":{"start":{"line":37,"column":60},"end":{"line":37,"column":92}}},"fnMap":{},"branchMap":{},"s":{"0":0,"1":0,"2":0,"3":0,"4":0,"5":0,"6":0},"f":{},"b":{},"all":true},"D:\\workspace\\powerplatform-vscode\\src\\client\\extension.ts":{"path":"D:\\workspace\\powerplatform-vscode\\src\\client\\extension.ts","statementMap":{"0":{"start":{"line":46,"column":24},"end":{"line":46,"column":29}},"1":{"start":{"line":47,"column":24},"end":{"line":47,"column":29}},"2":{"start":{"line":54,"column":4},"end":{"line":54,"column":23}},"3":{"start":{"line":58,"column":8},"end":{"line":58,"column":68}},"4":{"start":{"line":60,"column":8},"end":{"line":62,"column":9}},"5":{"start":{"line":63,"column":4},"end":{"line":67,"column":6}},"6":{"start":{"line":68,"column":4},"end":{"line":68,"column":43}},"7":{"start":{"line":70,"column":4},"end":{"line":70,"column":41}},"8":{"start":{"line":72,"column":4},"end":{"line":74,"column":7}},"9":{"start":{"line":75,"column":4},"end":{"line":77,"column":7}},"10":{"start":{"line":80,"column":4},"end":{"line":96,"column":5}},"11":{"start":{"line":86,"column":8},"end":{"line":90,"column":10}},"12":{"start":{"line":92,"column":8},"end":{"line":95,"column":10}},"13":{"start":{"line":98,"column":4},"end":{"line":98,"column":64}},"14":{"start":{"line":99,"column":4},"end":{"line":99,"column":64}},"15":{"start":{"line":102,"column":4},"end":{"line":115,"column":6}},"16":{"start":{"line":106,"column":16},"end":{"line":108,"column":19}},"17":{"start":{"line":109,"column":16},"end":{"line":111,"column":19}},"18":{"start":{"line":112,"column":16},"end":{"line":112,"column":45}},"19":{"start":{"line":118,"column":4},"end":{"line":129,"column":6}},"20":{"start":{"line":120,"column":12},"end":{"line":122,"column":15}},"21":{"start":{"line":123,"column":12},"end":{"line":125,"column":15}},"22":{"start":{"line":126,"column":12},"end":{"line":126,"column":28}},"23":{"start":{"line":131,"column":4},"end":{"line":150,"column":6}},"24":{"start":{"line":133,"column":12},"end":{"line":148,"column":13}},"25":{"start":{"line":134,"column":16},"end":{"line":134,"column":23}},"26":{"start":{"line":135,"column":19},"end":{"line":148,"column":13}},"27":{"start":{"line":139,"column":16},"end":{"line":147,"column":17}},"28":{"start":{"line":140,"column":20},"end":{"line":142,"column":23}},"29":{"start":{"line":143,"column":20},"end":{"line":145,"column":23}},"30":{"start":{"line":146,"column":20},"end":{"line":146,"column":59}},"31":{"start":{"line":151,"column":4},"end":{"line":167,"column":6}},"32":{"start":{"line":153,"column":12},"end":{"line":165,"column":13}},"33":{"start":{"line":154,"column":16},"end":{"line":154,"column":23}},"34":{"start":{"line":155,"column":19},"end":{"line":165,"column":13}},"35":{"start":{"line":156,"column":16},"end":{"line":164,"column":17}},"36":{"start":{"line":157,"column":20},"end":{"line":159,"column":23}},"37":{"start":{"line":160,"column":20},"end":{"line":162,"column":23}},"38":{"start":{"line":163,"column":20},"end":{"line":163,"column":59}},"39":{"start":{"line":169,"column":4},"end":{"line":175,"column":5}},"40":{"start":{"line":170,"column":8},"end":{"line":174,"column":11}},"41":{"start":{"line":172,"column":16},"end":{"line":172,"column":51}},"42":{"start":{"line":178,"column":4},"end":{"line":178,"column":58}},"43":{"start":{"line":180,"column":23},"end":{"line":180,"column":70}},"44":{"start":{"line":181,"column":16},"end":{"line":181,"column":46}},"45":{"start":{"line":182,"column":20},"end":{"line":182,"column":47}},"46":{"start":{"line":183,"column":24},"end":{"line":183,"column":70}},"47":{"start":{"line":184,"column":4},"end":{"line":184,"column":37}},"48":{"start":{"line":185,"column":4},"end":{"line":185,"column":45}},"49":{"start":{"line":187,"column":8},"end":{"line":189,"column":15}},"50":{"start":{"line":188,"column":21},"end":{"line":188,"column":69}},"51":{"start":{"line":191,"column":4},"end":{"line":201,"column":6}},"52":{"start":{"line":193,"column":26},"end":{"line":193,"column":42}},"53":{"start":{"line":194,"column":36},"end":{"line":194,"column":81}},"54":{"start":{"line":195,"column":12},"end":{"line":199,"column":13}},"55":{"start":{"line":196,"column":36},"end":{"line":196,"column":54}},"56":{"start":{"line":197,"column":16},"end":{"line":197,"column":56}},"57":{"start":{"line":198,"column":16},"end":{"line":198,"column":121}},"58":{"start":{"line":204,"column":4},"end":{"line":228,"column":5}},"59":{"start":{"line":205,"column":28},"end":{"line":205,"column":30}},"60":{"start":{"line":206,"column":34},"end":{"line":206,"column":36}},"61":{"start":{"line":207,"column":8},"end":{"line":216,"column":9}},"62":{"start":{"line":208,"column":12},"end":{"line":208,"column":82}},"63":{"start":{"line":209,"column":12},"end":{"line":209,"column":64}},"64":{"start":{"line":210,"column":12},"end":{"line":210,"column":165}},"65":{"start":{"line":211,"column":12},"end":{"line":211,"column":176}},"66":{"start":{"line":213,"column":35},"end":{"line":213,"column":53}},"67":{"start":{"line":214,"column":12},"end":{"line":214,"column":99}},"68":{"start":{"line":215,"column":12},"end":{"line":215,"column":152}},"69":{"start":{"line":218,"column":8},"end":{"line":218,"column":84}},"70":{"start":{"line":220,"column":8},"end":{"line":220,"column":68}},"71":{"start":{"line":221,"column":8},"end":{"line":221,"column":79}},"72":{"start":{"line":222,"column":8},"end":{"line":222,"column":90}},"73":{"start":{"line":223,"column":8},"end":{"line":223,"column":62}},"74":{"start":{"line":224,"column":8},"end":{"line":224,"column":101}},"75":{"start":{"line":227,"column":8},"end":{"line":227,"column":91}},"76":{"start":{"line":230,"column":35},"end":{"line":230,"column":108}},"77":{"start":{"line":231,"column":4},"end":{"line":231,"column":56}},"78":{"start":{"line":233,"column":4},"end":{"line":235,"column":5}},"79":{"start":{"line":234,"column":8},"end":{"line":234,"column":46}},"80":{"start":{"line":237,"column":4},"end":{"line":237,"column":47}},"81":{"start":{"line":238,"column":4},"end":{"line":238,"column":58}},"82":{"start":{"line":242,"column":4},"end":{"line":248,"column":5}},"83":{"start":{"line":243,"column":8},"end":{"line":243,"column":45}},"84":{"start":{"line":244,"column":8},"end":{"line":244,"column":56}},"85":{"start":{"line":247,"column":8},"end":{"line":247,"column":29}},"86":{"start":{"line":250,"column":4},"end":{"line":252,"column":5}},"87":{"start":{"line":251,"column":8},"end":{"line":251,"column":28}},"88":{"start":{"line":254,"column":4},"end":{"line":254,"column":25}},"89":{"start":{"line":255,"column":4},"end":{"line":255,"column":25}},"90":{"start":{"line":256,"column":4},"end":{"line":256,"column":31}},"91":{"start":{"line":262,"column":25},"end":{"line":262,"column":69}},"92":{"start":{"line":264,"column":4},"end":{"line":353,"column":5}},"93":{"start":{"line":266,"column":29},"end":{"line":268,"column":9}},"94":{"start":{"line":272,"column":45},"end":{"line":279,"column":9}},"95":{"start":{"line":282,"column":53},"end":{"line":290,"column":9}},"96":{"start":{"line":293,"column":8},"end":{"line":298,"column":10}},"97":{"start":{"line":301,"column":27},"end":{"line":301,"column":41}},"98":{"start":{"line":302,"column":8},"end":{"line":305,"column":9}},"99":{"start":{"line":303,"column":12},"end":{"line":303,"column":37}},"100":{"start":{"line":304,"column":12},"end":{"line":304,"column":52}},"101":{"start":{"line":308,"column":8},"end":{"line":308,"column":53}},"102":{"start":{"line":309,"column":11},"end":{"line":353,"column":5}},"103":{"start":{"line":311,"column":29},"end":{"line":313,"column":9}},"104":{"start":{"line":316,"column":45},"end":{"line":323,"column":9}},"105":{"start":{"line":326,"column":53},"end":{"line":334,"column":9}},"106":{"start":{"line":337,"column":8},"end":{"line":342,"column":10}},"107":{"start":{"line":345,"column":27},"end":{"line":345,"column":41}},"108":{"start":{"line":346,"column":8},"end":{"line":349,"column":9}},"109":{"start":{"line":347,"column":12},"end":{"line":347,"column":37}},"110":{"start":{"line":348,"column":12},"end":{"line":348,"column":52}},"111":{"start":{"line":352,"column":8},"end":{"line":352,"column":53}},"112":{"start":{"line":357,"column":4},"end":{"line":373,"column":7}},"113":{"start":{"line":358,"column":8},"end":{"line":372,"column":11}},"114":{"start":{"line":359,"column":36},"end":{"line":359,"column":73}},"115":{"start":{"line":360,"column":12},"end":{"line":371,"column":13}},"116":{"start":{"line":361,"column":16},"end":{"line":365,"column":18}},"117":{"start":{"line":366,"column":16},"end":{"line":370,"column":18}},"118":{"start":{"line":379,"column":8},"end":{"line":379,"column":55}},"119":{"start":{"line":380,"column":29},"end":{"line":380,"column":34}},"120":{"start":{"line":381,"column":4},"end":{"line":383,"column":5}},"121":{"start":{"line":382,"column":8},"end":{"line":382,"column":34}},"122":{"start":{"line":384,"column":4},"end":{"line":389,"column":6}},"123":{"start":{"line":394,"column":8},"end":{"line":396,"column":15}},"124":{"start":{"line":395,"column":21},"end":{"line":395,"column":69}},"125":{"start":{"line":397,"column":4},"end":{"line":402,"column":5}},"126":{"start":{"line":398,"column":8},"end":{"line":398,"column":90}},"127":{"start":{"line":401,"column":8},"end":{"line":401,"column":91}},"128":{"start":{"line":406,"column":4},"end":{"line":408,"column":5}},"129":{"start":{"line":407,"column":8},"end":{"line":407,"column":15}},"130":{"start":{"line":410,"column":42},"end":{"line":410,"column":104}},"131":{"start":{"line":412,"column":4},"end":{"line":416,"column":5}},"132":{"start":{"line":413,"column":8},"end":{"line":413,"column":116}},"133":{"start":{"line":414,"column":8},"end":{"line":414,"column":128}},"134":{"start":{"line":415,"column":8},"end":{"line":415,"column":91}},"135":{"start":{"line":428,"column":8},"end":{"line":428,"column":43}},"136":{"start":{"line":431,"column":8},"end":{"line":431,"column":53}},"137":{"start":{"line":434,"column":8},"end":{"line":434,"column":31}},"138":{"start":{"line":438,"column":8},"end":{"line":438,"column":64}},"139":{"start":{"line":442,"column":8},"end":{"line":442,"column":58}},"140":{"start":{"line":446,"column":8},"end":{"line":452,"column":10}},"141":{"start":{"line":456,"column":8},"end":{"line":457,"column":85}},"142":{"start":{"line":461,"column":8},"end":{"line":467,"column":10}},"143":{"start":{"line":471,"column":8},"end":{"line":476,"column":15}},"144":{"start":{"line":480,"column":8},"end":{"line":483,"column":11}}},"fnMap":{"0":{"name":"activate","decl":{"start":{"line":51,"column":22},"end":{"line":51,"column":30}},"loc":{"start":{"line":53,"column":17},"end":{"line":239,"column":1}},"line":53},"1":{"name":"(anonymous_1)","decl":{"start":{"line":105,"column":12},"end":{"line":105,"column":13}},"loc":{"start":{"line":105,"column":18},"end":{"line":113,"column":13}},"line":105},"2":{"name":"(anonymous_2)","decl":{"start":{"line":119,"column":86},"end":{"line":119,"column":87}},"loc":{"start":{"line":119,"column":98},"end":{"line":127,"column":9}},"line":119},"3":{"name":"(anonymous_3)","decl":{"start":{"line":132,"column":47},"end":{"line":132,"column":48}},"loc":{"start":{"line":132,"column":53},"end":{"line":149,"column":9}},"line":132},"4":{"name":"(anonymous_4)","decl":{"start":{"line":152,"column":49},"end":{"line":152,"column":50}},"loc":{"start":{"line":152,"column":55},"end":{"line":166,"column":9}},"line":152},"5":{"name":"(anonymous_5)","decl":{"start":{"line":171,"column":12},"end":{"line":171,"column":13}},"loc":{"start":{"line":171,"column":77},"end":{"line":173,"column":13}},"line":171},"6":{"name":"(anonymous_6)","decl":{"start":{"line":188,"column":12},"end":{"line":188,"column":13}},"loc":{"start":{"line":188,"column":21},"end":{"line":188,"column":69}},"line":188},"7":{"name":"(anonymous_7)","decl":{"start":{"line":192,"column":23},"end":{"line":192,"column":24}},"loc":{"start":{"line":192,"column":62},"end":{"line":200,"column":9}},"line":192},"8":{"name":"deactivate","decl":{"start":{"line":241,"column":22},"end":{"line":241,"column":32}},"loc":{"start":{"line":241,"column":50},"end":{"line":257,"column":1}},"line":241},"9":{"name":"didOpenTextDocument","decl":{"start":{"line":259,"column":9},"end":{"line":259,"column":28}},"loc":{"start":{"line":259,"column":66},"end":{"line":354,"column":1}},"line":259},"10":{"name":"registerClientToReceiveNotifications","decl":{"start":{"line":356,"column":9},"end":{"line":356,"column":45}},"loc":{"start":{"line":356,"column":70},"end":{"line":374,"column":1}},"line":356},"11":{"name":"(anonymous_11)","decl":{"start":{"line":357,"column":26},"end":{"line":357,"column":27}},"loc":{"start":{"line":357,"column":32},"end":{"line":373,"column":5}},"line":357},"12":{"name":"(anonymous_12)","decl":{"start":{"line":358,"column":49},"end":{"line":358,"column":50}},"loc":{"start":{"line":358,"column":70},"end":{"line":372,"column":9}},"line":358},"13":{"name":"isCurrentDocumentEdited","decl":{"start":{"line":377,"column":9},"end":{"line":377,"column":32}},"loc":{"start":{"line":377,"column":44},"end":{"line":390,"column":1}},"line":377},"14":{"name":"handleWorkspaceFolderChange","decl":{"start":{"line":392,"column":9},"end":{"line":392,"column":36}},"loc":{"start":{"line":392,"column":39},"end":{"line":403,"column":1}},"line":392},"15":{"name":"(anonymous_15)","decl":{"start":{"line":395,"column":12},"end":{"line":395,"column":13}},"loc":{"start":{"line":395,"column":21},"end":{"line":395,"column":69}},"line":395},"16":{"name":"showNotificationForCopilot","decl":{"start":{"line":405,"column":9},"end":{"line":405,"column":35}},"loc":{"start":{"line":405,"column":119},"end":{"line":418,"column":1}},"line":405},"17":{"name":"(anonymous_17)","decl":{"start":{"line":422,"column":4},"end":{"line":422,"column":5}},"loc":{"start":{"line":425,"column":6},"end":{"line":425,"column":9}},"line":425},"18":{"name":"(anonymous_18)","decl":{"start":{"line":427,"column":4},"end":{"line":427,"column":5}},"loc":{"start":{"line":427,"column":39},"end":{"line":429,"column":5}},"line":427},"19":{"name":"(anonymous_19)","decl":{"start":{"line":430,"column":4},"end":{"line":430,"column":5}},"loc":{"start":{"line":430,"column":48},"end":{"line":432,"column":5}},"line":430},"20":{"name":"(anonymous_20)","decl":{"start":{"line":433,"column":4},"end":{"line":433,"column":5}},"loc":{"start":{"line":433,"column":39},"end":{"line":435,"column":5}},"line":433},"21":{"name":"(anonymous_21)","decl":{"start":{"line":437,"column":4},"end":{"line":437,"column":5}},"loc":{"start":{"line":437,"column":70},"end":{"line":439,"column":5}},"line":437},"22":{"name":"(anonymous_22)","decl":{"start":{"line":441,"column":4},"end":{"line":441,"column":5}},"loc":{"start":{"line":441,"column":64},"end":{"line":443,"column":5}},"line":441},"23":{"name":"(anonymous_23)","decl":{"start":{"line":445,"column":4},"end":{"line":445,"column":5}},"loc":{"start":{"line":445,"column":51},"end":{"line":453,"column":5}},"line":445},"24":{"name":"(anonymous_24)","decl":{"start":{"line":455,"column":4},"end":{"line":455,"column":5}},"loc":{"start":{"line":455,"column":32},"end":{"line":458,"column":5}},"line":455},"25":{"name":"(anonymous_25)","decl":{"start":{"line":460,"column":4},"end":{"line":460,"column":5}},"loc":{"start":{"line":460,"column":49},"end":{"line":468,"column":5}},"line":460},"26":{"name":"(anonymous_26)","decl":{"start":{"line":470,"column":4},"end":{"line":470,"column":5}},"loc":{"start":{"line":470,"column":58},"end":{"line":477,"column":5}},"line":470},"27":{"name":"(anonymous_27)","decl":{"start":{"line":479,"column":4},"end":{"line":479,"column":5}},"loc":{"start":{"line":479,"column":50},"end":{"line":484,"column":5}},"line":479}},"branchMap":{"0":{"loc":{"start":{"line":80,"column":4},"end":{"line":96,"column":5}},"type":"if","locations":[{"start":{"line":80,"column":4},"end":{"line":96,"column":5}},{"start":{"line":80,"column":4},"end":{"line":96,"column":5}}],"line":80},"1":{"loc":{"start":{"line":81,"column":8},"end":{"line":82,"column":39}},"type":"binary-expr","locations":[{"start":{"line":81,"column":8},"end":{"line":81,"column":43}},{"start":{"line":82,"column":8},"end":{"line":82,"column":39}}],"line":81},"2":{"loc":{"start":{"line":133,"column":12},"end":{"line":148,"column":13}},"type":"if","locations":[{"start":{"line":133,"column":12},"end":{"line":148,"column":13}},{"start":{"line":133,"column":12},"end":{"line":148,"column":13}}],"line":133},"3":{"loc":{"start":{"line":135,"column":19},"end":{"line":148,"column":13}},"type":"if","locations":[{"start":{"line":135,"column":19},"end":{"line":148,"column":13}},{"start":{"line":135,"column":19},"end":{"line":148,"column":13}}],"line":135},"4":{"loc":{"start":{"line":136,"column":16},"end":{"line":137,"column":51}},"type":"binary-expr","locations":[{"start":{"line":136,"column":16},"end":{"line":136,"column":42}},{"start":{"line":137,"column":16},"end":{"line":137,"column":51}}],"line":136},"5":{"loc":{"start":{"line":139,"column":16},"end":{"line":147,"column":17}},"type":"if","locations":[{"start":{"line":139,"column":16},"end":{"line":147,"column":17}},{"start":{"line":139,"column":16},"end":{"line":147,"column":17}}],"line":139},"6":{"loc":{"start":{"line":153,"column":12},"end":{"line":165,"column":13}},"type":"if","locations":[{"start":{"line":153,"column":12},"end":{"line":165,"column":13}},{"start":{"line":153,"column":12},"end":{"line":165,"column":13}}],"line":153},"7":{"loc":{"start":{"line":155,"column":19},"end":{"line":165,"column":13}},"type":"if","locations":[{"start":{"line":155,"column":19},"end":{"line":165,"column":13}},{"start":{"line":155,"column":19},"end":{"line":165,"column":13}}],"line":155},"8":{"loc":{"start":{"line":156,"column":16},"end":{"line":164,"column":17}},"type":"if","locations":[{"start":{"line":156,"column":16},"end":{"line":164,"column":17}},{"start":{"line":156,"column":16},"end":{"line":164,"column":17}}],"line":156},"9":{"loc":{"start":{"line":169,"column":4},"end":{"line":175,"column":5}},"type":"if","locations":[{"start":{"line":169,"column":4},"end":{"line":175,"column":5}},{"start":{"line":169,"column":4},"end":{"line":175,"column":5}}],"line":169},"10":{"loc":{"start":{"line":187,"column":8},"end":{"line":189,"column":15}},"type":"binary-expr","locations":[{"start":{"line":187,"column":8},"end":{"line":189,"column":9}},{"start":{"line":189,"column":13},"end":{"line":189,"column":15}}],"line":187},"11":{"loc":{"start":{"line":195,"column":12},"end":{"line":199,"column":13}},"type":"if","locations":[{"start":{"line":195,"column":12},"end":{"line":199,"column":13}},{"start":{"line":195,"column":12},"end":{"line":199,"column":13}}],"line":195},"12":{"loc":{"start":{"line":204,"column":4},"end":{"line":228,"column":5}},"type":"if","locations":[{"start":{"line":204,"column":4},"end":{"line":228,"column":5}},{"start":{"line":204,"column":4},"end":{"line":228,"column":5}}],"line":204},"13":{"loc":{"start":{"line":233,"column":4},"end":{"line":235,"column":5}},"type":"if","locations":[{"start":{"line":233,"column":4},"end":{"line":235,"column":5}},{"start":{"line":233,"column":4},"end":{"line":235,"column":5}}],"line":233},"14":{"loc":{"start":{"line":242,"column":4},"end":{"line":248,"column":5}},"type":"if","locations":[{"start":{"line":242,"column":4},"end":{"line":248,"column":5}},{"start":{"line":242,"column":4},"end":{"line":248,"column":5}}],"line":242},"15":{"loc":{"start":{"line":250,"column":4},"end":{"line":252,"column":5}},"type":"if","locations":[{"start":{"line":250,"column":4},"end":{"line":252,"column":5}},{"start":{"line":250,"column":4},"end":{"line":252,"column":5}}],"line":250},"16":{"loc":{"start":{"line":264,"column":4},"end":{"line":353,"column":5}},"type":"if","locations":[{"start":{"line":264,"column":4},"end":{"line":353,"column":5}},{"start":{"line":264,"column":4},"end":{"line":353,"column":5}}],"line":264},"17":{"loc":{"start":{"line":264,"column":8},"end":{"line":264,"column":60}},"type":"binary-expr","locations":[{"start":{"line":264,"column":8},"end":{"line":264,"column":38}},{"start":{"line":264,"column":42},"end":{"line":264,"column":60}}],"line":264},"18":{"loc":{"start":{"line":302,"column":8},"end":{"line":305,"column":9}},"type":"if","locations":[{"start":{"line":302,"column":8},"end":{"line":305,"column":9}},{"start":{"line":302,"column":8},"end":{"line":305,"column":9}}],"line":302},"19":{"loc":{"start":{"line":309,"column":11},"end":{"line":353,"column":5}},"type":"if","locations":[{"start":{"line":309,"column":11},"end":{"line":353,"column":5}},{"start":{"line":309,"column":11},"end":{"line":353,"column":5}}],"line":309},"20":{"loc":{"start":{"line":309,"column":15},"end":{"line":309,"column":67}},"type":"binary-expr","locations":[{"start":{"line":309,"column":15},"end":{"line":309,"column":45}},{"start":{"line":309,"column":49},"end":{"line":309,"column":67}}],"line":309},"21":{"loc":{"start":{"line":346,"column":8},"end":{"line":349,"column":9}},"type":"if","locations":[{"start":{"line":346,"column":8},"end":{"line":349,"column":9}},{"start":{"line":346,"column":8},"end":{"line":349,"column":9}}],"line":346},"22":{"loc":{"start":{"line":360,"column":12},"end":{"line":371,"column":13}},"type":"if","locations":[{"start":{"line":360,"column":12},"end":{"line":371,"column":13}},{"start":{"line":360,"column":12},"end":{"line":371,"column":13}}],"line":360},"23":{"loc":{"start":{"line":360,"column":16},"end":{"line":360,"column":64}},"type":"binary-expr","locations":[{"start":{"line":360,"column":16},"end":{"line":360,"column":33}},{"start":{"line":360,"column":37},"end":{"line":360,"column":64}}],"line":360},"24":{"loc":{"start":{"line":381,"column":4},"end":{"line":383,"column":5}},"type":"if","locations":[{"start":{"line":381,"column":4},"end":{"line":383,"column":5}},{"start":{"line":381,"column":4},"end":{"line":383,"column":5}}],"line":381},"25":{"loc":{"start":{"line":385,"column":8},"end":{"line":388,"column":60}},"type":"binary-expr","locations":[{"start":{"line":385,"column":8},"end":{"line":385,"column":29}},{"start":{"line":386,"column":8},"end":{"line":386,"column":26}},{"start":{"line":387,"column":8},"end":{"line":388,"column":60}}],"line":385},"26":{"loc":{"start":{"line":394,"column":8},"end":{"line":396,"column":15}},"type":"binary-expr","locations":[{"start":{"line":394,"column":8},"end":{"line":396,"column":9}},{"start":{"line":396,"column":13},"end":{"line":396,"column":15}}],"line":394},"27":{"loc":{"start":{"line":397,"column":4},"end":{"line":402,"column":5}},"type":"if","locations":[{"start":{"line":397,"column":4},"end":{"line":402,"column":5}},{"start":{"line":397,"column":4},"end":{"line":402,"column":5}}],"line":397},"28":{"loc":{"start":{"line":406,"column":4},"end":{"line":408,"column":5}},"type":"if","locations":[{"start":{"line":406,"column":4},"end":{"line":408,"column":5}},{"start":{"line":406,"column":4},"end":{"line":408,"column":5}}],"line":406},"29":{"loc":{"start":{"line":412,"column":4},"end":{"line":416,"column":5}},"type":"if","locations":[{"start":{"line":412,"column":4},"end":{"line":416,"column":5}},{"start":{"line":412,"column":4},"end":{"line":416,"column":5}}],"line":412}},"s":{"0":0,"1":0,"2":0,"3":0,"4":0,"5":0,"6":0,"7":0,"8":0,"9":0,"10":0,"11":0,"12":0,"13":0,"14":0,"15":0,"16":0,"17":0,"18":0,"19":0,"20":0,"21":0,"22":0,"23":0,"24":0,"25":0,"26":0,"27":0,"28":0,"29":0,"30":0,"31":0,"32":0,"33":0,"34":0,"35":0,"36":0,"37":0,"38":0,"39":0,"40":0,"41":0,"42":0,"43":0,"44":0,"45":0,"46":0,"47":0,"48":0,"49":0,"50":0,"51":0,"52":0,"53":0,"54":0,"55":0,"56":0,"57":0,"58":0,"59":0,"60":0,"61":0,"62":0,"63":0,"64":0,"65":0,"66":0,"67":0,"68":0,"69":0,"70":0,"71":0,"72":0,"73":0,"74":0,"75":0,"76":0,"77":0,"78":0,"79":0,"80":0,"81":0,"82":0,"83":0,"84":0,"85":0,"86":0,"87":0,"88":0,"89":0,"90":0,"91":0,"92":0,"93":0,"94":0,"95":0,"96":0,"97":0,"98":0,"99":0,"100":0,"101":0,"102":0,"103":0,"104":0,"105":0,"106":0,"107":0,"108":0,"109":0,"110":0,"111":0,"112":0,"113":0,"114":0,"115":0,"116":0,"117":0,"118":0,"119":0,"120":0,"121":0,"122":0,"123":0,"124":0,"125":0,"126":0,"127":0,"128":0,"129":0,"130":0,"131":0,"132":0,"133":0,"134":0,"135":0,"136":0,"137":0,"138":0,"139":0,"140":0,"141":0,"142":0,"143":0,"144":0},"f":{"0":0,"1":0,"2":0,"3":0,"4":0,"5":0,"6":0,"7":0,"8":0,"9":0,"10":0,"11":0,"12":0,"13":0,"14":0,"15":0,"16":0,"17":0,"18":0,"19":0,"20":0,"21":0,"22":0,"23":0,"24":0,"25":0,"26":0,"27":0},"b":{"0":[0,0],"1":[0,0],"2":[0,0],"3":[0,0],"4":[0,0],"5":[0,0],"6":[0,0],"7":[0,0],"8":[0,0],"9":[0,0],"10":[0,0],"11":[0,0],"12":[0,0],"13":[0,0],"14":[0,0],"15":[0,0],"16":[0,0],"17":[0,0],"18":[0,0],"19":[0,0],"20":[0,0],"21":[0,0],"22":[0,0],"23":[0,0],"24":[0,0],"25":[0,0,0],"26":[0,0],"27":[0,0],"28":[0,0],"29":[0,0]},"all":true},"D:\\workspace\\powerplatform-vscode\\src\\client\\lib\\AuthPanelView.ts":{"path":"D:\\workspace\\powerplatform-vscode\\src\\client\\lib\\AuthPanelView.ts","statementMap":{"0":{"start":{"line":13,"column":57},"end":{"line":13,"column":59}},"1":{"start":{"line":15,"column":96},"end":{"line":15,"column":161}},"2":{"start":{"line":16,"column":96},"end":{"line":16,"column":127}},"3":{"start":{"line":22,"column":26},"end":{"line":22,"column":54}},"4":{"start":{"line":23,"column":8},"end":{"line":31,"column":9}},"5":{"start":{"line":24,"column":28},"end":{"line":24,"column":79}},"6":{"start":{"line":25,"column":12},"end":{"line":30,"column":14}},"7":{"start":{"line":27,"column":42},"end":{"line":27,"column":61}},"8":{"start":{"line":28,"column":42},"end":{"line":28,"column":61}},"9":{"start":{"line":29,"column":42},"end":{"line":29,"column":61}},"10":{"start":{"line":33,"column":8},"end":{"line":33,"column":66}},"11":{"start":{"line":37,"column":8},"end":{"line":37,"column":52}},"12":{"start":{"line":37,"column":39},"end":{"line":37,"column":50}},"13":{"start":{"line":46,"column":8},"end":{"line":48,"column":9}},"14":{"start":{"line":47,"column":12},"end":{"line":47,"column":73}},"15":{"start":{"line":47,"column":52},"end":{"line":47,"column":66}},"16":{"start":{"line":52,"column":8},"end":{"line":55,"column":9}},"17":{"start":{"line":53,"column":12},"end":{"line":53,"column":47}},"18":{"start":{"line":54,"column":12},"end":{"line":54,"column":45}},"19":{"start":{"line":56,"column":8},"end":{"line":56,"column":41}},"20":{"start":{"line":60,"column":8},"end":{"line":60,"column":23}},"21":{"start":{"line":64,"column":8},"end":{"line":77,"column":9}},"22":{"start":{"line":66,"column":12},"end":{"line":66,"column":22}},"23":{"start":{"line":68,"column":30},"end":{"line":68,"column":53}},"24":{"start":{"line":69,"column":12},"end":{"line":76,"column":13}},"25":{"start":{"line":70,"column":30},"end":{"line":72,"column":63}},"26":{"start":{"line":71,"column":36},"end":{"line":71,"column":57}},"27":{"start":{"line":72,"column":33},"end":{"line":72,"column":62}},"28":{"start":{"line":73,"column":16},"end":{"line":73,"column":29}},"29":{"start":{"line":75,"column":16},"end":{"line":75,"column":26}},"30":{"start":{"line":81,"column":8},"end":{"line":135,"column":10}},"31":{"start":{"line":83,"column":78},"end":{"line":83,"column":92}},"32":{"start":{"line":85,"column":32},"end":{"line":85,"column":56}},"33":{"start":{"line":86,"column":38},"end":{"line":89,"column":44}},"34":{"start":{"line":90,"column":16},"end":{"line":93,"column":17}},"35":{"start":{"line":91,"column":20},"end":{"line":91,"column":49}},"36":{"start":{"line":92,"column":20},"end":{"line":92,"column":40}},"37":{"start":{"line":96,"column":16},"end":{"line":96,"column":60}},"38":{"start":{"line":97,"column":16},"end":{"line":97,"column":36}},"39":{"start":{"line":100,"column":16},"end":{"line":100,"column":69}},"40":{"start":{"line":101,"column":16},"end":{"line":101,"column":36}},"41":{"start":{"line":104,"column":32},"end":{"line":104,"column":56}},"42":{"start":{"line":105,"column":38},"end":{"line":110,"column":44}},"43":{"start":{"line":111,"column":16},"end":{"line":114,"column":17}},"44":{"start":{"line":112,"column":20},"end":{"line":112,"column":73}},"45":{"start":{"line":113,"column":20},"end":{"line":113,"column":40}},"46":{"start":{"line":117,"column":40},"end":{"line":121,"column":18}},"47":{"start":{"line":120,"column":44},"end":{"line":120,"column":118}},"48":{"start":{"line":122,"column":16},"end":{"line":125,"column":17}},"49":{"start":{"line":123,"column":20},"end":{"line":123,"column":88}},"50":{"start":{"line":124,"column":20},"end":{"line":124,"column":40}},"51":{"start":{"line":128,"column":16},"end":{"line":130,"column":17}},"52":{"start":{"line":129,"column":20},"end":{"line":129,"column":99}},"53":{"start":{"line":133,"column":16},"end":{"line":133,"column":75}},"54":{"start":{"line":141,"column":8},"end":{"line":141,"column":92}},"55":{"start":{"line":142,"column":8},"end":{"line":142,"column":39}},"56":{"start":{"line":143,"column":8},"end":{"line":143,"column":64}},"57":{"start":{"line":144,"column":8},"end":{"line":146,"column":9}},"58":{"start":{"line":145,"column":12},"end":{"line":145,"column":61}},"59":{"start":{"line":149,"column":8},"end":{"line":155,"column":9}},"60":{"start":{"line":150,"column":12},"end":{"line":150,"column":54}},"61":{"start":{"line":151,"column":15},"end":{"line":155,"column":9}},"62":{"start":{"line":152,"column":12},"end":{"line":152,"column":65}},"63":{"start":{"line":154,"column":12},"end":{"line":154,"column":102}},"64":{"start":{"line":158,"column":24},"end":{"line":163,"column":9}},"65":{"start":{"line":164,"column":8},"end":{"line":169,"column":9}},"66":{"start":{"line":165,"column":12},"end":{"line":168,"column":104}},"67":{"start":{"line":170,"column":8},"end":{"line":175,"column":9}},"68":{"start":{"line":171,"column":12},"end":{"line":174,"column":86}},"69":{"start":{"line":176,"column":8},"end":{"line":179,"column":89}},"70":{"start":{"line":180,"column":8},"end":{"line":185,"column":9}},"71":{"start":{"line":181,"column":12},"end":{"line":184,"column":83}},"72":{"start":{"line":186,"column":8},"end":{"line":186,"column":34}},"73":{"start":{"line":191,"column":4},"end":{"line":200,"column":5}},"74":{"start":{"line":192,"column":8},"end":{"line":194,"column":24}},"75":{"start":{"line":196,"column":9},"end":{"line":200,"column":5}},"76":{"start":{"line":197,"column":8},"end":{"line":199,"column":23}},"77":{"start":{"line":202,"column":4},"end":{"line":202,"column":21}}},"fnMap":{"0":{"name":"(anonymous_0)","decl":{"start":{"line":18,"column":4},"end":{"line":18,"column":5}},"loc":{"start":{"line":20,"column":32},"end":{"line":34,"column":5}},"line":20},"1":{"name":"(anonymous_1)","decl":{"start":{"line":27,"column":36},"end":{"line":27,"column":37}},"loc":{"start":{"line":27,"column":42},"end":{"line":27,"column":61}},"line":27},"2":{"name":"(anonymous_2)","decl":{"start":{"line":28,"column":36},"end":{"line":28,"column":37}},"loc":{"start":{"line":28,"column":42},"end":{"line":28,"column":61}},"line":28},"3":{"name":"(anonymous_3)","decl":{"start":{"line":29,"column":36},"end":{"line":29,"column":37}},"loc":{"start":{"line":29,"column":42},"end":{"line":29,"column":61}},"line":29},"4":{"name":"(anonymous_4)","decl":{"start":{"line":36,"column":4},"end":{"line":36,"column":5}},"loc":{"start":{"line":36,"column":27},"end":{"line":38,"column":5}},"line":36},"5":{"name":"(anonymous_5)","decl":{"start":{"line":37,"column":34},"end":{"line":37,"column":35}},"loc":{"start":{"line":37,"column":39},"end":{"line":37,"column":50}},"line":37},"6":{"name":"(anonymous_6)","decl":{"start":{"line":45,"column":4},"end":{"line":45,"column":5}},"loc":{"start":{"line":45,"column":33},"end":{"line":49,"column":5}},"line":45},"7":{"name":"(anonymous_7)","decl":{"start":{"line":47,"column":46},"end":{"line":47,"column":47}},"loc":{"start":{"line":47,"column":52},"end":{"line":47,"column":66}},"line":47},"8":{"name":"(anonymous_8)","decl":{"start":{"line":51,"column":4},"end":{"line":51,"column":5}},"loc":{"start":{"line":51,"column":20},"end":{"line":57,"column":5}},"line":51},"9":{"name":"(anonymous_9)","decl":{"start":{"line":59,"column":4},"end":{"line":59,"column":5}},"loc":{"start":{"line":59,"column":98},"end":{"line":61,"column":5}},"line":59},"10":{"name":"(anonymous_10)","decl":{"start":{"line":63,"column":4},"end":{"line":63,"column":5}},"loc":{"start":{"line":63,"column":92},"end":{"line":78,"column":5}},"line":63},"11":{"name":"(anonymous_11)","decl":{"start":{"line":71,"column":28},"end":{"line":71,"column":29}},"loc":{"start":{"line":71,"column":36},"end":{"line":71,"column":57}},"line":71},"12":{"name":"(anonymous_12)","decl":{"start":{"line":72,"column":25},"end":{"line":72,"column":26}},"loc":{"start":{"line":72,"column":33},"end":{"line":72,"column":62}},"line":72},"13":{"name":"(anonymous_13)","decl":{"start":{"line":80,"column":4},"end":{"line":80,"column":5}},"loc":{"start":{"line":80,"column":71},"end":{"line":136,"column":5}},"line":80},"14":{"name":"(anonymous_14)","decl":{"start":{"line":83,"column":72},"end":{"line":83,"column":73}},"loc":{"start":{"line":83,"column":78},"end":{"line":83,"column":92}},"line":83},"15":{"name":"(anonymous_15)","decl":{"start":{"line":84,"column":81},"end":{"line":84,"column":82}},"loc":{"start":{"line":84,"column":93},"end":{"line":94,"column":13}},"line":84},"16":{"name":"(anonymous_16)","decl":{"start":{"line":95,"column":79},"end":{"line":95,"column":80}},"loc":{"start":{"line":95,"column":91},"end":{"line":98,"column":13}},"line":95},"17":{"name":"(anonymous_17)","decl":{"start":{"line":99,"column":82},"end":{"line":99,"column":83}},"loc":{"start":{"line":99,"column":119},"end":{"line":102,"column":13}},"line":99},"18":{"name":"(anonymous_18)","decl":{"start":{"line":103,"column":82},"end":{"line":103,"column":83}},"loc":{"start":{"line":103,"column":119},"end":{"line":115,"column":13}},"line":103},"19":{"name":"(anonymous_19)","decl":{"start":{"line":116,"column":80},"end":{"line":116,"column":81}},"loc":{"start":{"line":116,"column":117},"end":{"line":126,"column":13}},"line":116},"20":{"name":"(anonymous_20)","decl":{"start":{"line":120,"column":35},"end":{"line":120,"column":36}},"loc":{"start":{"line":120,"column":44},"end":{"line":120,"column":118}},"line":120},"21":{"name":"(anonymous_21)","decl":{"start":{"line":127,"column":83},"end":{"line":127,"column":84}},"loc":{"start":{"line":127,"column":114},"end":{"line":131,"column":13}},"line":127},"22":{"name":"(anonymous_22)","decl":{"start":{"line":132,"column":73},"end":{"line":132,"column":74}},"loc":{"start":{"line":132,"column":104},"end":{"line":134,"column":13}},"line":132},"23":{"name":"(anonymous_23)","decl":{"start":{"line":140,"column":4},"end":{"line":140,"column":5}},"loc":{"start":{"line":140,"column":66},"end":{"line":147,"column":5}},"line":140},"24":{"name":"(anonymous_24)","decl":{"start":{"line":148,"column":4},"end":{"line":148,"column":5}},"loc":{"start":{"line":148,"column":68},"end":{"line":156,"column":5}},"line":148},"25":{"name":"(anonymous_25)","decl":{"start":{"line":157,"column":4},"end":{"line":157,"column":5}},"loc":{"start":{"line":157,"column":70},"end":{"line":187,"column":5}},"line":157},"26":{"name":"GetAuthProfileWatchPattern","decl":{"start":{"line":190,"column":16},"end":{"line":190,"column":42}},"loc":{"start":{"line":190,"column":81},"end":{"line":203,"column":1}},"line":190}},"branchMap":{"0":{"loc":{"start":{"line":23,"column":8},"end":{"line":31,"column":9}},"type":"if","locations":[{"start":{"line":23,"column":8},"end":{"line":31,"column":9}},{"start":{"line":23,"column":8},"end":{"line":31,"column":9}}],"line":23},"1":{"loc":{"start":{"line":46,"column":8},"end":{"line":48,"column":9}},"type":"if","locations":[{"start":{"line":46,"column":8},"end":{"line":48,"column":9}},{"start":{"line":46,"column":8},"end":{"line":48,"column":9}}],"line":46},"2":{"loc":{"start":{"line":52,"column":8},"end":{"line":55,"column":9}},"type":"if","locations":[{"start":{"line":52,"column":8},"end":{"line":55,"column":9}},{"start":{"line":52,"column":8},"end":{"line":55,"column":9}}],"line":52},"3":{"loc":{"start":{"line":64,"column":8},"end":{"line":77,"column":9}},"type":"if","locations":[{"start":{"line":64,"column":8},"end":{"line":77,"column":9}},{"start":{"line":64,"column":8},"end":{"line":77,"column":9}}],"line":64},"4":{"loc":{"start":{"line":69,"column":12},"end":{"line":76,"column":13}},"type":"if","locations":[{"start":{"line":69,"column":12},"end":{"line":76,"column":13}},{"start":{"line":69,"column":12},"end":{"line":76,"column":13}}],"line":69},"5":{"loc":{"start":{"line":69,"column":16},"end":{"line":69,"column":80}},"type":"binary-expr","locations":[{"start":{"line":69,"column":16},"end":{"line":69,"column":25}},{"start":{"line":69,"column":29},"end":{"line":69,"column":59}},{"start":{"line":69,"column":63},"end":{"line":69,"column":80}}],"line":69},"6":{"loc":{"start":{"line":90,"column":16},"end":{"line":93,"column":17}},"type":"if","locations":[{"start":{"line":90,"column":16},"end":{"line":93,"column":17}},{"start":{"line":90,"column":16},"end":{"line":93,"column":17}}],"line":90},"7":{"loc":{"start":{"line":90,"column":20},"end":{"line":90,"column":62}},"type":"binary-expr","locations":[{"start":{"line":90,"column":20},"end":{"line":90,"column":33}},{"start":{"line":90,"column":37},"end":{"line":90,"column":62}}],"line":90},"8":{"loc":{"start":{"line":111,"column":16},"end":{"line":114,"column":17}},"type":"if","locations":[{"start":{"line":111,"column":16},"end":{"line":114,"column":17}},{"start":{"line":111,"column":16},"end":{"line":114,"column":17}}],"line":111},"9":{"loc":{"start":{"line":111,"column":20},"end":{"line":111,"column":62}},"type":"binary-expr","locations":[{"start":{"line":111,"column":20},"end":{"line":111,"column":33}},{"start":{"line":111,"column":37},"end":{"line":111,"column":62}}],"line":111},"10":{"loc":{"start":{"line":120,"column":44},"end":{"line":120,"column":118}},"type":"cond-expr","locations":[{"start":{"line":120,"column":65},"end":{"line":120,"column":69}},{"start":{"line":120,"column":72},"end":{"line":120,"column":118}}],"line":120},"11":{"loc":{"start":{"line":122,"column":16},"end":{"line":125,"column":17}},"type":"if","locations":[{"start":{"line":122,"column":16},"end":{"line":125,"column":17}},{"start":{"line":122,"column":16},"end":{"line":125,"column":17}}],"line":122},"12":{"loc":{"start":{"line":128,"column":16},"end":{"line":130,"column":17}},"type":"if","locations":[{"start":{"line":128,"column":16},"end":{"line":130,"column":17}},{"start":{"line":128,"column":16},"end":{"line":130,"column":17}}],"line":128},"13":{"loc":{"start":{"line":144,"column":8},"end":{"line":146,"column":9}},"type":"if","locations":[{"start":{"line":144,"column":8},"end":{"line":146,"column":9}},{"start":{"line":144,"column":8},"end":{"line":146,"column":9}}],"line":144},"14":{"loc":{"start":{"line":149,"column":8},"end":{"line":155,"column":9}},"type":"if","locations":[{"start":{"line":149,"column":8},"end":{"line":155,"column":9}},{"start":{"line":149,"column":8},"end":{"line":155,"column":9}}],"line":149},"15":{"loc":{"start":{"line":151,"column":15},"end":{"line":155,"column":9}},"type":"if","locations":[{"start":{"line":151,"column":15},"end":{"line":155,"column":9}},{"start":{"line":151,"column":15},"end":{"line":155,"column":9}}],"line":151},"16":{"loc":{"start":{"line":151,"column":19},"end":{"line":151,"column":75}},"type":"binary-expr","locations":[{"start":{"line":151,"column":19},"end":{"line":151,"column":43}},{"start":{"line":151,"column":47},"end":{"line":151,"column":75}}],"line":151},"17":{"loc":{"start":{"line":154,"column":39},"end":{"line":154,"column":99}},"type":"binary-expr","locations":[{"start":{"line":154,"column":39},"end":{"line":154,"column":72}},{"start":{"line":154,"column":76},"end":{"line":154,"column":99}}],"line":154},"18":{"loc":{"start":{"line":164,"column":8},"end":{"line":169,"column":9}},"type":"if","locations":[{"start":{"line":164,"column":8},"end":{"line":169,"column":9}},{"start":{"line":164,"column":8},"end":{"line":169,"column":9}}],"line":164},"19":{"loc":{"start":{"line":170,"column":8},"end":{"line":175,"column":9}},"type":"if","locations":[{"start":{"line":170,"column":8},"end":{"line":175,"column":9}},{"start":{"line":170,"column":8},"end":{"line":175,"column":9}}],"line":170},"20":{"loc":{"start":{"line":170,"column":12},"end":{"line":170,"column":104}},"type":"binary-expr","locations":[{"start":{"line":170,"column":13},"end":{"line":170,"column":41}},{"start":{"line":170,"column":45},"end":{"line":170,"column":73}},{"start":{"line":170,"column":78},"end":{"line":170,"column":104}}],"line":170},"21":{"loc":{"start":{"line":180,"column":8},"end":{"line":185,"column":9}},"type":"if","locations":[{"start":{"line":180,"column":8},"end":{"line":185,"column":9}},{"start":{"line":180,"column":8},"end":{"line":185,"column":9}}],"line":180},"22":{"loc":{"start":{"line":191,"column":4},"end":{"line":200,"column":5}},"type":"if","locations":[{"start":{"line":191,"column":4},"end":{"line":200,"column":5}},{"start":{"line":191,"column":4},"end":{"line":200,"column":5}}],"line":191},"23":{"loc":{"start":{"line":192,"column":15},"end":{"line":194,"column":23}},"type":"cond-expr","locations":[{"start":{"line":193,"column":14},"end":{"line":193,"column":128}},{"start":{"line":194,"column":14},"end":{"line":194,"column":23}}],"line":192},"24":{"loc":{"start":{"line":196,"column":9},"end":{"line":200,"column":5}},"type":"if","locations":[{"start":{"line":196,"column":9},"end":{"line":200,"column":5}},{"start":{"line":196,"column":9},"end":{"line":200,"column":5}}],"line":196},"25":{"loc":{"start":{"line":196,"column":13},"end":{"line":196,"column":68}},"type":"binary-expr","locations":[{"start":{"line":196,"column":13},"end":{"line":196,"column":38}},{"start":{"line":196,"column":42},"end":{"line":196,"column":68}}],"line":196},"26":{"loc":{"start":{"line":197,"column":15},"end":{"line":199,"column":23}},"type":"cond-expr","locations":[{"start":{"line":198,"column":14},"end":{"line":198,"column":139}},{"start":{"line":199,"column":14},"end":{"line":199,"column":23}}],"line":197}},"s":{"0":0,"1":0,"2":0,"3":0,"4":0,"5":0,"6":0,"7":0,"8":0,"9":0,"10":0,"11":0,"12":0,"13":0,"14":0,"15":0,"16":0,"17":0,"18":0,"19":0,"20":0,"21":0,"22":0,"23":0,"24":0,"25":0,"26":0,"27":0,"28":0,"29":0,"30":0,"31":0,"32":0,"33":0,"34":0,"35":0,"36":0,"37":0,"38":0,"39":0,"40":0,"41":0,"42":0,"43":0,"44":0,"45":0,"46":0,"47":0,"48":0,"49":0,"50":0,"51":0,"52":0,"53":0,"54":0,"55":0,"56":0,"57":0,"58":0,"59":0,"60":0,"61":0,"62":0,"63":0,"64":0,"65":0,"66":0,"67":0,"68":0,"69":0,"70":0,"71":0,"72":0,"73":0,"74":0,"75":0,"76":0,"77":0},"f":{"0":0,"1":0,"2":0,"3":0,"4":0,"5":0,"6":0,"7":0,"8":0,"9":0,"10":0,"11":0,"12":0,"13":0,"14":0,"15":0,"16":0,"17":0,"18":0,"19":0,"20":0,"21":0,"22":0,"23":0,"24":0,"25":0,"26":0},"b":{"0":[0,0],"1":[0,0],"2":[0,0],"3":[0,0],"4":[0,0],"5":[0,0,0],"6":[0,0],"7":[0,0],"8":[0,0],"9":[0,0],"10":[0,0],"11":[0,0],"12":[0,0],"13":[0,0],"14":[0,0],"15":[0,0],"16":[0,0],"17":[0,0],"18":[0,0],"19":[0,0],"20":[0,0,0],"21":[0,0],"22":[0,0],"23":[0,0],"24":[0,0],"25":[0,0],"26":[0,0]},"all":true},"D:\\workspace\\powerplatform-vscode\\src\\client\\lib\\CliAcquisition.ts":{"path":"D:\\workspace\\powerplatform-vscode\\src\\client\\lib\\CliAcquisition.ts","statementMap":{"0":{"start":{"line":45,"column":8},"end":{"line":45,"column":32}},"1":{"start":{"line":49,"column":25},"end":{"line":49,"column":72}},"2":{"start":{"line":50,"column":8},"end":{"line":50,"column":59}},"3":{"start":{"line":54,"column":8},"end":{"line":54,"column":32}},"4":{"start":{"line":55,"column":8},"end":{"line":55,"column":83}},"5":{"start":{"line":56,"column":8},"end":{"line":56,"column":70}},"6":{"start":{"line":58,"column":8},"end":{"line":58,"column":76}},"7":{"start":{"line":59,"column":8},"end":{"line":59,"column":105}},"8":{"start":{"line":63,"column":8},"end":{"line":63,"column":52}},"9":{"start":{"line":67,"column":25},"end":{"line":67,"column":48}},"10":{"start":{"line":68,"column":8},"end":{"line":68,"column":96}},"11":{"start":{"line":72,"column":30},"end":{"line":72,"column":59}},"12":{"start":{"line":74,"column":32},"end":{"line":76,"column":47}},"13":{"start":{"line":78,"column":8},"end":{"line":80,"column":9}},"14":{"start":{"line":79,"column":12},"end":{"line":79,"column":52}},"15":{"start":{"line":83,"column":8},"end":{"line":83,"column":63}},"16":{"start":{"line":84,"column":8},"end":{"line":84,"column":53}},"17":{"start":{"line":85,"column":8},"end":{"line":85,"column":39}},"18":{"start":{"line":87,"column":8},"end":{"line":149,"column":9}},"19":{"start":{"line":89,"column":12},"end":{"line":128,"column":15}},"20":{"start":{"line":91,"column":16},"end":{"line":96,"column":17}},"21":{"start":{"line":92,"column":34},"end":{"line":92,"column":85}},"22":{"start":{"line":93,"column":20},"end":{"line":93,"column":67}},"23":{"start":{"line":94,"column":20},"end":{"line":94,"column":34}},"24":{"start":{"line":95,"column":20},"end":{"line":95,"column":27}},"25":{"start":{"line":98,"column":32},"end":{"line":101,"column":42}},"26":{"start":{"line":103,"column":16},"end":{"line":127,"column":17}},"27":{"start":{"line":104,"column":20},"end":{"line":104,"column":143}},"28":{"start":{"line":105,"column":20},"end":{"line":110,"column":22}},"29":{"start":{"line":113,"column":47},"end":{"line":113,"column":117}},"30":{"start":{"line":115,"column":41},"end":{"line":117,"column":40}},"31":{"start":{"line":119,"column":20},"end":{"line":119,"column":74}},"32":{"start":{"line":120,"column":20},"end":{"line":120,"column":41}},"33":{"start":{"line":122,"column":20},"end":{"line":122,"column":115}},"34":{"start":{"line":123,"column":20},"end":{"line":123,"column":113}},"35":{"start":{"line":124,"column":20},"end":{"line":124,"column":56}},"36":{"start":{"line":125,"column":20},"end":{"line":125,"column":63}},"37":{"start":{"line":126,"column":20},"end":{"line":126,"column":45}},"38":{"start":{"line":131,"column":32},"end":{"line":131,"column":100}},"39":{"start":{"line":132,"column":12},"end":{"line":148,"column":15}},"40":{"start":{"line":133,"column":16},"end":{"line":147,"column":22}},"41":{"start":{"line":136,"column":24},"end":{"line":136,"column":119}},"42":{"start":{"line":137,"column":24},"end":{"line":137,"column":117}},"43":{"start":{"line":138,"column":24},"end":{"line":138,"column":60}},"44":{"start":{"line":139,"column":24},"end":{"line":141,"column":25}},"45":{"start":{"line":140,"column":28},"end":{"line":140,"column":65}},"46":{"start":{"line":142,"column":24},"end":{"line":142,"column":67}},"47":{"start":{"line":143,"column":24},"end":{"line":143,"column":49}},"48":{"start":{"line":145,"column":24},"end":{"line":145,"column":77}},"49":{"start":{"line":146,"column":24},"end":{"line":146,"column":36}},"50":{"start":{"line":153,"column":33},"end":{"line":153,"column":59}},"51":{"start":{"line":154,"column":8},"end":{"line":156,"column":9}},"52":{"start":{"line":155,"column":12},"end":{"line":155,"column":25}},"53":{"start":{"line":157,"column":8},"end":{"line":157,"column":53}},"54":{"start":{"line":161,"column":21},"end":{"line":161,"column":64}},"55":{"start":{"line":162,"column":8},"end":{"line":162,"column":53}},"56":{"start":{"line":162,"column":29},"end":{"line":162,"column":51}},"57":{"start":{"line":166,"column":8},"end":{"line":193,"column":9}},"58":{"start":{"line":169,"column":30},"end":{"line":170,"column":72}},"59":{"start":{"line":173,"column":12},"end":{"line":175,"column":53}},"60":{"start":{"line":173,"column":44},"end":{"line":175,"column":51}},"61":{"start":{"line":178,"column":12},"end":{"line":190,"column":13}},"62":{"start":{"line":179,"column":33},"end":{"line":179,"column":104}},"63":{"start":{"line":183,"column":34},"end":{"line":187,"column":79}},"64":{"start":{"line":184,"column":36},"end":{"line":184,"column":73}},"65":{"start":{"line":185,"column":33},"end":{"line":185,"column":49}},"66":{"start":{"line":186,"column":33},"end":{"line":186,"column":51}},"67":{"start":{"line":187,"column":35},"end":{"line":187,"column":77}},"68":{"start":{"line":189,"column":16},"end":{"line":189,"column":33}},"69":{"start":{"line":192,"column":12},"end":{"line":192,"column":22}},"70":{"start":{"line":197,"column":25},"end":{"line":197,"column":48}},"71":{"start":{"line":198,"column":31},"end":{"line":198,"column":39}},"72":{"start":{"line":200,"column":25},"end":{"line":203,"column":19}},"73":{"start":{"line":201,"column":25},"end":{"line":201,"column":93}},"74":{"start":{"line":202,"column":31},"end":{"line":202,"column":73}},"75":{"start":{"line":204,"column":8},"end":{"line":206,"column":9}},"76":{"start":{"line":205,"column":12},"end":{"line":205,"column":106}},"77":{"start":{"line":207,"column":8},"end":{"line":207,"column":27}},"78":{"start":{"line":211,"column":29},"end":{"line":211,"column":42}},"79":{"start":{"line":212,"column":8},"end":{"line":221,"column":9}},"80":{"start":{"line":214,"column":16},"end":{"line":214,"column":49}},"81":{"start":{"line":216,"column":16},"end":{"line":216,"column":54}},"82":{"start":{"line":218,"column":16},"end":{"line":218,"column":54}},"83":{"start":{"line":220,"column":16},"end":{"line":220,"column":88}},"84":{"start":{"line":225,"column":28},"end":{"line":227,"column":9}},"85":{"start":{"line":228,"column":8},"end":{"line":228,"column":91}},"86":{"start":{"line":232,"column":8},"end":{"line":234,"column":9}},"87":{"start":{"line":233,"column":12},"end":{"line":233,"column":29}},"88":{"start":{"line":235,"column":8},"end":{"line":241,"column":9}},"89":{"start":{"line":236,"column":32},"end":{"line":236,"column":96}},"90":{"start":{"line":237,"column":12},"end":{"line":237,"column":35}},"91":{"start":{"line":240,"column":12},"end":{"line":240,"column":29}}},"fnMap":{"0":{"name":"(anonymous_0)","decl":{"start":{"line":44,"column":4},"end":{"line":44,"column":5}},"loc":{"start":{"line":44,"column":36},"end":{"line":46,"column":5}},"line":44},"1":{"name":"(anonymous_1)","decl":{"start":{"line":48,"column":4},"end":{"line":48,"column":5}},"loc":{"start":{"line":48,"column":36},"end":{"line":51,"column":5}},"line":48},"2":{"name":"(anonymous_2)","decl":{"start":{"line":53,"column":4},"end":{"line":53,"column":5}},"loc":{"start":{"line":53,"column":77},"end":{"line":60,"column":5}},"line":53},"3":{"name":"(anonymous_3)","decl":{"start":{"line":62,"column":4},"end":{"line":62,"column":5}},"loc":{"start":{"line":62,"column":27},"end":{"line":64,"column":5}},"line":62},"4":{"name":"(anonymous_4)","decl":{"start":{"line":66,"column":4},"end":{"line":66,"column":5}},"loc":{"start":{"line":66,"column":52},"end":{"line":69,"column":5}},"line":66},"5":{"name":"(anonymous_5)","decl":{"start":{"line":71,"column":4},"end":{"line":71,"column":5}},"loc":{"start":{"line":71,"column":83},"end":{"line":150,"column":5}},"line":71},"6":{"name":"(anonymous_6)","decl":{"start":{"line":89,"column":31},"end":{"line":89,"column":32}},"loc":{"start":{"line":89,"column":52},"end":{"line":128,"column":13}},"line":89},"7":{"name":"(anonymous_7)","decl":{"start":{"line":132,"column":31},"end":{"line":132,"column":32}},"loc":{"start":{"line":132,"column":52},"end":{"line":148,"column":13}},"line":132},"8":{"name":"(anonymous_8)","decl":{"start":{"line":135,"column":33},"end":{"line":135,"column":34}},"loc":{"start":{"line":135,"column":39},"end":{"line":144,"column":21}},"line":135},"9":{"name":"(anonymous_9)","decl":{"start":{"line":144,"column":35},"end":{"line":144,"column":36}},"loc":{"start":{"line":144,"column":53},"end":{"line":147,"column":21}},"line":144},"10":{"name":"(anonymous_10)","decl":{"start":{"line":152,"column":4},"end":{"line":152,"column":5}},"loc":{"start":{"line":152,"column":36},"end":{"line":158,"column":5}},"line":152},"11":{"name":"(anonymous_11)","decl":{"start":{"line":160,"column":4},"end":{"line":160,"column":5}},"loc":{"start":{"line":160,"column":68},"end":{"line":163,"column":5}},"line":160},"12":{"name":"(anonymous_12)","decl":{"start":{"line":162,"column":21},"end":{"line":162,"column":22}},"loc":{"start":{"line":162,"column":29},"end":{"line":162,"column":51}},"line":162},"13":{"name":"(anonymous_13)","decl":{"start":{"line":165,"column":4},"end":{"line":165,"column":5}},"loc":{"start":{"line":165,"column":92},"end":{"line":194,"column":5}},"line":165},"14":{"name":"(anonymous_14)","decl":{"start":{"line":173,"column":36},"end":{"line":173,"column":37}},"loc":{"start":{"line":173,"column":44},"end":{"line":175,"column":51}},"line":173},"15":{"name":"(anonymous_15)","decl":{"start":{"line":184,"column":28},"end":{"line":184,"column":29}},"loc":{"start":{"line":184,"column":36},"end":{"line":184,"column":73}},"line":184},"16":{"name":"(anonymous_16)","decl":{"start":{"line":185,"column":25},"end":{"line":185,"column":26}},"loc":{"start":{"line":185,"column":33},"end":{"line":185,"column":49}},"line":185},"17":{"name":"(anonymous_17)","decl":{"start":{"line":186,"column":25},"end":{"line":186,"column":26}},"loc":{"start":{"line":186,"column":33},"end":{"line":186,"column":51}},"line":186},"18":{"name":"(anonymous_18)","decl":{"start":{"line":187,"column":25},"end":{"line":187,"column":26}},"loc":{"start":{"line":187,"column":35},"end":{"line":187,"column":77}},"line":187},"19":{"name":"(anonymous_19)","decl":{"start":{"line":196,"column":4},"end":{"line":196,"column":5}},"loc":{"start":{"line":196,"column":36},"end":{"line":208,"column":5}},"line":196},"20":{"name":"(anonymous_20)","decl":{"start":{"line":201,"column":17},"end":{"line":201,"column":18}},"loc":{"start":{"line":201,"column":25},"end":{"line":201,"column":93}},"line":201},"21":{"name":"(anonymous_21)","decl":{"start":{"line":202,"column":20},"end":{"line":202,"column":21}},"loc":{"start":{"line":202,"column":31},"end":{"line":202,"column":73}},"line":202},"22":{"name":"(anonymous_22)","decl":{"start":{"line":210,"column":4},"end":{"line":210,"column":5}},"loc":{"start":{"line":210,"column":31},"end":{"line":222,"column":5}},"line":210},"23":{"name":"(anonymous_23)","decl":{"start":{"line":224,"column":4},"end":{"line":224,"column":5}},"loc":{"start":{"line":224,"column":47},"end":{"line":229,"column":5}},"line":224},"24":{"name":"(anonymous_24)","decl":{"start":{"line":231,"column":4},"end":{"line":231,"column":5}},"loc":{"start":{"line":231,"column":46},"end":{"line":242,"column":5}},"line":231}},"branchMap":{"0":{"loc":{"start":{"line":49,"column":25},"end":{"line":49,"column":72}},"type":"cond-expr","locations":[{"start":{"line":49,"column":55},"end":{"line":49,"column":64}},{"start":{"line":49,"column":67},"end":{"line":49,"column":72}}],"line":49},"1":{"loc":{"start":{"line":56,"column":27},"end":{"line":56,"column":69}},"type":"binary-expr","locations":[{"start":{"line":56,"column":27},"end":{"line":56,"column":37}},{"start":{"line":56,"column":41},"end":{"line":56,"column":69}}],"line":56},"2":{"loc":{"start":{"line":74,"column":32},"end":{"line":76,"column":47}},"type":"cond-expr","locations":[{"start":{"line":75,"column":14},"end":{"line":75,"column":27}},{"start":{"line":76,"column":14},"end":{"line":76,"column":47}}],"line":74},"3":{"loc":{"start":{"line":78,"column":8},"end":{"line":80,"column":9}},"type":"if","locations":[{"start":{"line":78,"column":8},"end":{"line":80,"column":9}},{"start":{"line":78,"column":8},"end":{"line":80,"column":9}}],"line":78},"4":{"loc":{"start":{"line":87,"column":8},"end":{"line":149,"column":9}},"type":"if","locations":[{"start":{"line":87,"column":8},"end":{"line":149,"column":9}},{"start":{"line":87,"column":8},"end":{"line":149,"column":9}}],"line":87},"5":{"loc":{"start":{"line":91,"column":16},"end":{"line":96,"column":17}},"type":"if","locations":[{"start":{"line":91,"column":16},"end":{"line":96,"column":17}},{"start":{"line":91,"column":16},"end":{"line":96,"column":17}}],"line":91},"6":{"loc":{"start":{"line":103,"column":16},"end":{"line":127,"column":17}},"type":"if","locations":[{"start":{"line":103,"column":16},"end":{"line":127,"column":17}},{"start":{"line":103,"column":16},"end":{"line":127,"column":17}}],"line":103},"7":{"loc":{"start":{"line":113,"column":47},"end":{"line":113,"column":117}},"type":"binary-expr","locations":[{"start":{"line":113,"column":47},"end":{"line":113,"column":80}},{"start":{"line":113,"column":84},"end":{"line":113,"column":117}}],"line":113},"8":{"loc":{"start":{"line":115,"column":41},"end":{"line":117,"column":40}},"type":"cond-expr","locations":[{"start":{"line":116,"column":26},"end":{"line":116,"column":77}},{"start":{"line":117,"column":26},"end":{"line":117,"column":40}}],"line":115},"9":{"loc":{"start":{"line":139,"column":24},"end":{"line":141,"column":25}},"type":"if","locations":[{"start":{"line":139,"column":24},"end":{"line":141,"column":25}},{"start":{"line":139,"column":24},"end":{"line":141,"column":25}}],"line":139},"10":{"loc":{"start":{"line":154,"column":8},"end":{"line":156,"column":9}},"type":"if","locations":[{"start":{"line":154,"column":8},"end":{"line":156,"column":9}},{"start":{"line":154,"column":8},"end":{"line":156,"column":9}}],"line":154},"11":{"loc":{"start":{"line":173,"column":44},"end":{"line":175,"column":51}},"type":"cond-expr","locations":[{"start":{"line":174,"column":18},"end":{"line":174,"column":79}},{"start":{"line":175,"column":18},"end":{"line":175,"column":51}}],"line":173},"12":{"loc":{"start":{"line":178,"column":12},"end":{"line":190,"column":13}},"type":"if","locations":[{"start":{"line":178,"column":12},"end":{"line":190,"column":13}},{"start":{"line":178,"column":12},"end":{"line":190,"column":13}}],"line":178},"13":{"loc":{"start":{"line":178,"column":16},"end":{"line":178,"column":108}},"type":"binary-expr","locations":[{"start":{"line":178,"column":16},"end":{"line":178,"column":39}},{"start":{"line":178,"column":43},"end":{"line":178,"column":79}},{"start":{"line":178,"column":83},"end":{"line":178,"column":108}}],"line":178},"14":{"loc":{"start":{"line":184,"column":36},"end":{"line":184,"column":73}},"type":"binary-expr","locations":[{"start":{"line":184,"column":36},"end":{"line":184,"column":40}},{"start":{"line":184,"column":44},"end":{"line":184,"column":73}}],"line":184},"15":{"loc":{"start":{"line":204,"column":8},"end":{"line":206,"column":9}},"type":"if","locations":[{"start":{"line":204,"column":8},"end":{"line":206,"column":9}},{"start":{"line":204,"column":8},"end":{"line":206,"column":9}}],"line":204},"16":{"loc":{"start":{"line":212,"column":8},"end":{"line":221,"column":9}},"type":"switch","locations":[{"start":{"line":213,"column":12},"end":{"line":214,"column":49}},{"start":{"line":215,"column":12},"end":{"line":216,"column":54}},{"start":{"line":217,"column":12},"end":{"line":218,"column":54}},{"start":{"line":219,"column":12},"end":{"line":220,"column":88}}],"line":212},"17":{"loc":{"start":{"line":232,"column":8},"end":{"line":234,"column":9}},"type":"if","locations":[{"start":{"line":232,"column":8},"end":{"line":234,"column":9}},{"start":{"line":232,"column":8},"end":{"line":234,"column":9}}],"line":232}},"s":{"0":0,"1":0,"2":0,"3":0,"4":0,"5":0,"6":0,"7":0,"8":0,"9":0,"10":0,"11":0,"12":0,"13":0,"14":0,"15":0,"16":0,"17":0,"18":0,"19":0,"20":0,"21":0,"22":0,"23":0,"24":0,"25":0,"26":0,"27":0,"28":0,"29":0,"30":0,"31":0,"32":0,"33":0,"34":0,"35":0,"36":0,"37":0,"38":0,"39":0,"40":0,"41":0,"42":0,"43":0,"44":0,"45":0,"46":0,"47":0,"48":0,"49":0,"50":0,"51":0,"52":0,"53":0,"54":0,"55":0,"56":0,"57":0,"58":0,"59":0,"60":0,"61":0,"62":0,"63":0,"64":0,"65":0,"66":0,"67":0,"68":0,"69":0,"70":0,"71":0,"72":0,"73":0,"74":0,"75":0,"76":0,"77":0,"78":0,"79":0,"80":0,"81":0,"82":0,"83":0,"84":0,"85":0,"86":0,"87":0,"88":0,"89":0,"90":0,"91":0},"f":{"0":0,"1":0,"2":0,"3":0,"4":0,"5":0,"6":0,"7":0,"8":0,"9":0,"10":0,"11":0,"12":0,"13":0,"14":0,"15":0,"16":0,"17":0,"18":0,"19":0,"20":0,"21":0,"22":0,"23":0,"24":0},"b":{"0":[0,0],"1":[0,0],"2":[0,0],"3":[0,0],"4":[0,0],"5":[0,0],"6":[0,0],"7":[0,0],"8":[0,0],"9":[0,0],"10":[0,0],"11":[0,0],"12":[0,0],"13":[0,0,0],"14":[0,0],"15":[0,0],"16":[0,0,0,0],"17":[0,0]},"all":true},"D:\\workspace\\powerplatform-vscode\\src\\client\\lib\\EnvAndSolutionTreeView.ts":{"path":"D:\\workspace\\powerplatform-vscode\\src\\client\\lib\\EnvAndSolutionTreeView.ts","statementMap":{"0":{"start":{"line":11,"column":57},"end":{"line":11,"column":59}},"1":{"start":{"line":13,"column":98},"end":{"line":13,"column":165}},"2":{"start":{"line":14,"column":91},"end":{"line":14,"column":122}},"3":{"start":{"line":22,"column":8},"end":{"line":23,"column":47}},"4":{"start":{"line":23,"column":30},"end":{"line":23,"column":44}},"5":{"start":{"line":27,"column":8},"end":{"line":27,"column":52}},"6":{"start":{"line":27,"column":39},"end":{"line":27,"column":50}},"7":{"start":{"line":36,"column":8},"end":{"line":38,"column":9}},"8":{"start":{"line":37,"column":12},"end":{"line":37,"column":73}},"9":{"start":{"line":37,"column":52},"end":{"line":37,"column":66}},"10":{"start":{"line":42,"column":8},"end":{"line":45,"column":9}},"11":{"start":{"line":43,"column":12},"end":{"line":43,"column":47}},"12":{"start":{"line":44,"column":12},"end":{"line":44,"column":45}},"13":{"start":{"line":46,"column":8},"end":{"line":46,"column":41}},"14":{"start":{"line":50,"column":8},"end":{"line":50,"column":23}},"15":{"start":{"line":54,"column":8},"end":{"line":73,"column":9}},"16":{"start":{"line":56,"column":30},"end":{"line":56,"column":56}},"17":{"start":{"line":57,"column":12},"end":{"line":61,"column":13}},"18":{"start":{"line":58,"column":16},"end":{"line":58,"column":85}},"19":{"start":{"line":58,"column":53},"end":{"line":58,"column":84}},"20":{"start":{"line":60,"column":16},"end":{"line":60,"column":26}},"21":{"start":{"line":62,"column":15},"end":{"line":73,"column":9}},"22":{"start":{"line":64,"column":12},"end":{"line":64,"column":22}},"23":{"start":{"line":67,"column":35},"end":{"line":67,"column":94}},"24":{"start":{"line":68,"column":12},"end":{"line":72,"column":13}},"25":{"start":{"line":69,"column":16},"end":{"line":69,"column":90}},"26":{"start":{"line":69,"column":58},"end":{"line":69,"column":89}},"27":{"start":{"line":71,"column":16},"end":{"line":71,"column":26}},"28":{"start":{"line":77,"column":8},"end":{"line":105,"column":10}},"29":{"start":{"line":79,"column":89},"end":{"line":79,"column":103}},"30":{"start":{"line":81,"column":16},"end":{"line":81,"column":91}},"31":{"start":{"line":84,"column":16},"end":{"line":84,"column":92}},"32":{"start":{"line":87,"column":16},"end":{"line":87,"column":93}},"33":{"start":{"line":90,"column":16},"end":{"line":90,"column":89}},"34":{"start":{"line":91,"column":16},"end":{"line":91,"column":36}},"35":{"start":{"line":94,"column":16},"end":{"line":94,"column":93}},"36":{"start":{"line":97,"column":16},"end":{"line":97,"column":93}},"37":{"start":{"line":100,"column":16},"end":{"line":100,"column":99}},"38":{"start":{"line":103,"column":16},"end":{"line":103,"column":94}},"39":{"start":{"line":111,"column":8},"end":{"line":111,"column":106}},"40":{"start":{"line":112,"column":8},"end":{"line":151,"column":9}},"41":{"start":{"line":113,"column":12},"end":{"line":113,"column":43}},"42":{"start":{"line":114,"column":33},"end":{"line":116,"column":44}},"43":{"start":{"line":117,"column":12},"end":{"line":129,"column":14}},"44":{"start":{"line":130,"column":12},"end":{"line":132,"column":13}},"45":{"start":{"line":131,"column":16},"end":{"line":131,"column":61}},"46":{"start":{"line":134,"column":12},"end":{"line":134,"column":46}},"47":{"start":{"line":135,"column":12},"end":{"line":147,"column":14}},"48":{"start":{"line":148,"column":12},"end":{"line":150,"column":13}},"49":{"start":{"line":149,"column":16},"end":{"line":149,"column":66}},"50":{"start":{"line":155,"column":8},"end":{"line":159,"column":9}},"51":{"start":{"line":156,"column":12},"end":{"line":156,"column":76}},"52":{"start":{"line":158,"column":12},"end":{"line":158,"column":42}},"53":{"start":{"line":163,"column":8},"end":{"line":165,"column":9}},"54":{"start":{"line":164,"column":12},"end":{"line":164,"column":56}},"55":{"start":{"line":166,"column":8},"end":{"line":166,"column":57}}},"fnMap":{"0":{"name":"(anonymous_0)","decl":{"start":{"line":16,"column":4},"end":{"line":16,"column":5}},"loc":{"start":{"line":20,"column":31},"end":{"line":24,"column":5}},"line":20},"1":{"name":"(anonymous_1)","decl":{"start":{"line":23,"column":24},"end":{"line":23,"column":25}},"loc":{"start":{"line":23,"column":30},"end":{"line":23,"column":44}},"line":23},"2":{"name":"(anonymous_2)","decl":{"start":{"line":26,"column":4},"end":{"line":26,"column":5}},"loc":{"start":{"line":26,"column":14},"end":{"line":28,"column":5}},"line":26},"3":{"name":"(anonymous_3)","decl":{"start":{"line":27,"column":34},"end":{"line":27,"column":35}},"loc":{"start":{"line":27,"column":39},"end":{"line":27,"column":50}},"line":27},"4":{"name":"(anonymous_4)","decl":{"start":{"line":35,"column":4},"end":{"line":35,"column":5}},"loc":{"start":{"line":35,"column":33},"end":{"line":39,"column":5}},"line":35},"5":{"name":"(anonymous_5)","decl":{"start":{"line":37,"column":46},"end":{"line":37,"column":47}},"loc":{"start":{"line":37,"column":52},"end":{"line":37,"column":66}},"line":37},"6":{"name":"(anonymous_6)","decl":{"start":{"line":41,"column":4},"end":{"line":41,"column":5}},"loc":{"start":{"line":41,"column":20},"end":{"line":47,"column":5}},"line":41},"7":{"name":"(anonymous_7)","decl":{"start":{"line":49,"column":4},"end":{"line":49,"column":5}},"loc":{"start":{"line":49,"column":100},"end":{"line":51,"column":5}},"line":49},"8":{"name":"(anonymous_8)","decl":{"start":{"line":53,"column":4},"end":{"line":53,"column":5}},"loc":{"start":{"line":53,"column":96},"end":{"line":74,"column":5}},"line":53},"9":{"name":"(anonymous_9)","decl":{"start":{"line":58,"column":45},"end":{"line":58,"column":46}},"loc":{"start":{"line":58,"column":53},"end":{"line":58,"column":84}},"line":58},"10":{"name":"(anonymous_10)","decl":{"start":{"line":69,"column":50},"end":{"line":69,"column":51}},"loc":{"start":{"line":69,"column":58},"end":{"line":69,"column":89}},"line":69},"11":{"name":"(anonymous_11)","decl":{"start":{"line":76,"column":4},"end":{"line":76,"column":5}},"loc":{"start":{"line":76,"column":71},"end":{"line":106,"column":5}},"line":76},"12":{"name":"(anonymous_12)","decl":{"start":{"line":79,"column":83},"end":{"line":79,"column":84}},"loc":{"start":{"line":79,"column":89},"end":{"line":79,"column":103}},"line":79},"13":{"name":"(anonymous_13)","decl":{"start":{"line":80,"column":91},"end":{"line":80,"column":92}},"loc":{"start":{"line":80,"column":124},"end":{"line":82,"column":13}},"line":80},"14":{"name":"(anonymous_14)","decl":{"start":{"line":83,"column":93},"end":{"line":83,"column":94}},"loc":{"start":{"line":83,"column":126},"end":{"line":85,"column":13}},"line":83},"15":{"name":"(anonymous_15)","decl":{"start":{"line":86,"column":94},"end":{"line":86,"column":95}},"loc":{"start":{"line":86,"column":127},"e
[...]
195":0,"196":0,"197":0,"198":0,"199":0,"200":0,"201":0,"202":0,"203":0,"204":0,"205":0,"206":0,"207":0,"208":0,"209":0,"210":0,"211":0,"212":0},"f":{"0":0,"1":0,"2":0,"3":0,"4":0,"5":0,"6":0,"7":0,"8":0,"9":0,"10":0,"11":0,"12":0,"13":0,"14":0,"15":0,"16":0,"17":0,"18":0,"19":0,"20":0,"21":0,"22":0,"23":0,"24":0,"25":0,"26":0,"27":0,"28":0,"29":0,"30":0,"31":0,"32":0,"33":0,"34":0,"35":0,"36":0,"37":0,"38":0,"39":0,"40":0,"41":0,"42":0,"43":0,"44":0,"45":0,"46":0,"47":0,"48":0,"49":0,"50":0,"51":0,"52":0,"53":0,"54":0,"55":0,"56":0,"57":0,"58":0,"59":0,"60":0,"61":0,"62":0,"63":0,"64":0},"b":{"0":[0,0,0,0],"1":[0,0,0],"2":[0,0],"3":[0],"4":[0,0],"5":[0,0],"6":[0,0],"7":[0,0],"8":[0,0],"9":[0,0],"10":[0,0],"11":[0,0],"12":[0,0],"13":[0,0],"14":[0,0],"15":[0,0],"16":[0,0]},"all":true},"D:\\workspace\\powerplatform-vscode\\src\\web\\client\\webViews\\NPSWebView.ts":{"path":"D:\\workspace\\powerplatform-vscode\\src\\web\\client\\webViews\\NPSWebView.ts","statementMap":{"0":{"start":{"line":20,"column":8},"end":{"line":20,"column":42}},"1":{"start":{"line":21,"column":8},"end":{"line":21,"column":58}},"2":{"start":{"line":25,"column":8},"end":{"line":72,"column":9}},"3":{"start":{"line":26,"column":26},"end":{"line":26,"column":36}},"4":{"start":{"line":27,"column":27},"end":{"line":27,"column":72}},"5":{"start":{"line":28,"column":24},"end":{"line":30,"column":13}},"6":{"start":{"line":31,"column":26},"end":{"line":31,"column":51}},"7":{"start":{"line":32,"column":24},"end":{"line":34,"column":13}},"8":{"start":{"line":35,"column":28},"end":{"line":35,"column":47}},"9":{"start":{"line":36,"column":35},"end":{"line":36,"column":59}},"10":{"start":{"line":37,"column":31},"end":{"line":37,"column":46}},"11":{"start":{"line":38,"column":43},"end":{"line":44,"column":13}},"12":{"start":{"line":45,"column":32},"end":{"line":45,"column":54}},"13":{"start":{"line":47,"column":16},"end":{"line":47,"column":57}},"14":{"start":{"line":48,"column":12},"end":{"line":50,"column":14}},"15":{"start":{"line":51,"column":12},"end":{"line":64,"column":21}},"16":{"start":{"line":66,"column":12},"end":{"line":70,"column":14}},"17":{"start":{"line":71,"column":12},"end":{"line":71,"column":22}},"18":{"start":{"line":76,"column":8},"end":{"line":78,"column":10}},"19":{"start":{"line":82,"column":24},"end":{"line":92,"column":9}},"20":{"start":{"line":93,"column":8},"end":{"line":93,"column":53}},"21":{"start":{"line":98,"column":15},"end":{"line":98,"column":17}},"22":{"start":{"line":100,"column":8},"end":{"line":100,"column":72}},"23":{"start":{"line":101,"column":4},"end":{"line":103,"column":5}},"24":{"start":{"line":101,"column":17},"end":{"line":101,"column":18}},"25":{"start":{"line":102,"column":8},"end":{"line":102,"column":77}},"26":{"start":{"line":104,"column":4},"end":{"line":104,"column":16}}},"fnMap":{"0":{"name":"(anonymous_0)","decl":{"start":{"line":16,"column":4},"end":{"line":16,"column":5}},"loc":{"start":{"line":19,"column":6},"end":{"line":22,"column":5}},"line":19},"1":{"name":"(anonymous_1)","decl":{"start":{"line":24,"column":4},"end":{"line":24,"column":5}},"loc":{"start":{"line":24,"column":23},"end":{"line":73,"column":5}},"line":24},"2":{"name":"(anonymous_2)","decl":{"start":{"line":75,"column":4},"end":{"line":75,"column":5}},"loc":{"start":{"line":75,"column":65},"end":{"line":79,"column":5}},"line":75},"3":{"name":"(anonymous_3)","decl":{"start":{"line":81,"column":4},"end":{"line":81,"column":5}},"loc":{"start":{"line":81,"column":69},"end":{"line":94,"column":5}},"line":81},"4":{"name":"getNonce","decl":{"start":{"line":97,"column":9},"end":{"line":97,"column":17}},"loc":{"start":{"line":97,"column":20},"end":{"line":105,"column":1}},"line":97}},"branchMap":{},"s":{"0":0,"1":0,"2":0,"3":0,"4":0,"5":0,"6":0,"7":0,"8":0,"9":0,"10":0,"11":0,"12":0,"13":0,"14":0,"15":0,"16":0,"17":0,"18":0,"19":0,"20":0,"21":0,"22":0,"23":0,"24":0,"25":0,"26":0},"f":{"0":0,"1":0,"2":0,"3":0,"4":0},"b":{},"all":true},"D:\\workspace\\powerplatform-vscode\\src\\web\\client\\webViews\\powerPagesNavigationProvider.ts":{"path":"D:\\workspace\\powerplatform-vscode\\src\\web\\client\\webViews\\powerPagesNavigationProvider.ts","statementMap":{"0":{"start":{"line":15,"column":91},"end":{"line":15,"column":151}},"1":{"start":{"line":16,"column":84},"end":{"line":16,"column":115}},"2":{"start":{"line":19,"column":8},"end":{"line":19,"column":41}},"3":{"start":{"line":23,"column":8},"end":{"line":23,"column":23}},"4":{"start":{"line":27,"column":8},"end":{"line":31,"column":9}},"5":{"start":{"line":28,"column":12},"end":{"line":28,"column":76}},"6":{"start":{"line":30,"column":12},"end":{"line":30,"column":52}},"7":{"start":{"line":35,"column":40},"end":{"line":35,"column":42}},"8":{"start":{"line":36,"column":33},"end":{"line":42,"column":29}},"9":{"start":{"line":43,"column":29},"end":{"line":49,"column":31}},"10":{"start":{"line":51,"column":8},"end":{"line":58,"column":9}},"11":{"start":{"line":52,"column":12},"end":{"line":52,"column":41}},"12":{"start":{"line":53,"column":15},"end":{"line":58,"column":9}},"13":{"start":{"line":54,"column":12},"end":{"line":54,"column":37}},"14":{"start":{"line":56,"column":12},"end":{"line":56,"column":41}},"15":{"start":{"line":57,"column":12},"end":{"line":57,"column":37}},"16":{"start":{"line":60,"column":8},"end":{"line":60,"column":21}},"17":{"start":{"line":64,"column":32},"end":{"line":64,"column":52}},"18":{"start":{"line":65,"column":34},"end":{"line":65,"column":121}},"19":{"start":{"line":67,"column":27},"end":{"line":67,"column":137}},"20":{"start":{"line":69,"column":8},"end":{"line":74,"column":10}},"21":{"start":{"line":75,"column":8},"end":{"line":75,"column":49}},"22":{"start":{"line":76,"column":8},"end":{"line":76,"column":54}},"23":{"start":{"line":78,"column":8},"end":{"line":117,"column":10}},"24":{"start":{"line":85,"column":33},"end":{"line":92,"column":18}},"25":{"start":{"line":94,"column":16},"end":{"line":113,"column":17}},"26":{"start":{"line":95,"column":20},"end":{"line":101,"column":22}},"27":{"start":{"line":103,"column":20},"end":{"line":112,"column":22}},"28":{"start":{"line":119,"column":8},"end":{"line":119,"column":69}},"29":{"start":{"line":120,"column":8},"end":{"line":120,"column":114}},"30":{"start":{"line":124,"column":32},"end":{"line":124,"column":52}},"31":{"start":{"line":125,"column":8},"end":{"line":125,"column":67}},"32":{"start":{"line":127,"column":8},"end":{"line":129,"column":11}},"33":{"start":{"line":139,"column":8},"end":{"line":139,"column":59}},"34":{"start":{"line":141,"column":8},"end":{"line":141,"column":34}},"35":{"start":{"line":142,"column":8},"end":{"line":142,"column":31}},"36":{"start":{"line":143,"column":8},"end":{"line":143,"column":54}},"37":{"start":{"line":147,"column":8},"end":{"line":150,"column":10}}},"fnMap":{"0":{"name":"(anonymous_0)","decl":{"start":{"line":18,"column":4},"end":{"line":18,"column":5}},"loc":{"start":{"line":18,"column":20},"end":{"line":20,"column":5}},"line":18},"1":{"name":"(anonymous_1)","decl":{"start":{"line":22,"column":4},"end":{"line":22,"column":5}},"loc":{"start":{"line":22,"column":58},"end":{"line":24,"column":5}},"line":22},"2":{"name":"(anonymous_2)","decl":{"start":{"line":26,"column":4},"end":{"line":26,"column":5}},"loc":{"start":{"line":26,"column":70},"end":{"line":32,"column":5}},"line":26},"3":{"name":"(anonymous_3)","decl":{"start":{"line":34,"column":4},"end":{"line":34,"column":5}},"loc":{"start":{"line":34,"column":47},"end":{"line":61,"column":5}},"line":34},"4":{"name":"(anonymous_4)","decl":{"start":{"line":63,"column":4},"end":{"line":63,"column":5}},"loc":{"start":{"line":63,"column":48},"end":{"line":121,"column":5}},"line":63},"5":{"name":"(anonymous_5)","decl":{"start":{"line":84,"column":12},"end":{"line":84,"column":13}},"loc":{"start":{"line":84,"column":24},"end":{"line":116,"column":13}},"line":84},"6":{"name":"(anonymous_6)","decl":{"start":{"line":123,"column":4},"end":{"line":123,"column":5}},"loc":{"start":{"line":123,"column":25},"end":{"line":130,"column":5}},"line":123},"7":{"name":"(anonymous_7)","decl":{"start":{"line":134,"column":4},"end":{"line":134,"column":5}},"loc":{"start":{"line":138,"column":6},"end":{"line":144,"column":5}},"line":138},"8":{"name":"(anonymous_8)","decl":{"start":{"line":146,"column":4},"end":{"line":146,"column":5}},"loc":{"start":{"line":146,"column":37},"end":{"line":151,"column":5}},"line":146}},"branchMap":{"0":{"loc":{"start":{"line":27,"column":8},"end":{"line":31,"column":9}},"type":"if","locations":[{"start":{"line":27,"column":8},"end":{"line":31,"column":9}},{"start":{"line":27,"column":8},"end":{"line":31,"column":9}}],"line":27},"1":{"loc":{"start":{"line":51,"column":8},"end":{"line":58,"column":9}},"type":"if","locations":[{"start":{"line":51,"column":8},"end":{"line":58,"column":9}},{"start":{"line":51,"column":8},"end":{"line":58,"column":9}}],"line":51},"2":{"loc":{"start":{"line":51,"column":12},"end":{"line":51,"column":53}},"type":"binary-expr","locations":[{"start":{"line":51,"column":12},"end":{"line":51,"column":17}},{"start":{"line":51,"column":21},"end":{"line":51,"column":53}}],"line":51},"3":{"loc":{"start":{"line":53,"column":15},"end":{"line":58,"column":9}},"type":"if","locations":[{"start":{"line":53,"column":15},"end":{"line":58,"column":9}},{"start":{"line":53,"column":15},"end":{"line":58,"column":9}}],"line":53},"4":{"loc":{"start":{"line":53,"column":19},"end":{"line":53,"column":56}},"type":"binary-expr","locations":[{"start":{"line":53,"column":19},"end":{"line":53,"column":24}},{"start":{"line":53,"column":28},"end":{"line":53,"column":56}}],"line":53},"5":{"loc":{"start":{"line":67,"column":30},"end":{"line":67,"column":113}},"type":"cond-expr","locations":[{"start":{"line":67,"column":64},"end":{"line":67,"column":81}},{"start":{"line":67,"column":84},"end":{"line":67,"column":113}}],"line":67},"6":{"loc":{"start":{"line":94,"column":16},"end":{"line":113,"column":17}},"type":"if","locations":[{"start":{"line":94,"column":16},"end":{"line":113,"column":17}},{"start":{"line":94,"column":16},"end":{"line":113,"column":17}}],"line":94}},"s":{"0":0,"1":0,"2":0,"3":0,"4":0,"5":0,"6":0,"7":0,"8":0,"9":0,"10":0,"11":0,"12":0,"13":0,"14":0,"15":0,"16":0,"17":0,"18":0,"19":0,"20":0,"21":0,"22":0,"23":0,"24":0,"25":0,"26":0,"27":0,"28":0,"29":0,"30":0,"31":0,"32":0,"33":0,"34":0,"35":0,"36":0,"37":0},"f":{"0":0,"1":0,"2":0,"3":0,"4":0,"5":0,"6":0,"7":0,"8":0},"b":{"0":[0,0],"1":[0,0],"2":[0,0],"3":[0,0],"4":[0,0],"5":[0,0],"6":[0,0]},"all":true},"D:\\workspace\\powerplatform-vscode\\src\\web\\client\\webViews\\QuickPickProvider.ts":{"path":"D:\\workspace\\powerplatform-vscode\\src\\web\\client\\webViews\\QuickPickProvider.ts","statementMap":{"0":{"start":{"line":19,"column":38},"end":{"line":19,"column":40}},"1":{"start":{"line":22,"column":8},"end":{"line":22,"column":49}},"2":{"start":{"line":26,"column":8},"end":{"line":34,"column":9}},"3":{"start":{"line":27,"column":31},"end":{"line":27,"column":79}},"4":{"start":{"line":28,"column":44},"end":{"line":32,"column":13}},"5":{"start":{"line":33,"column":12},"end":{"line":33,"column":50}},"6":{"start":{"line":38,"column":34},"end":{"line":38,"column":79}},"7":{"start":{"line":40,"column":47},"end":{"line":40,"column":49}},"8":{"start":{"line":42,"column":8},"end":{"line":60,"column":11}},"9":{"start":{"line":45,"column":12},"end":{"line":59,"column":13}},"10":{"start":{"line":46,"column":16},"end":{"line":58,"column":18}},"11":{"start":{"line":47,"column":42},"end":{"line":47,"column":127}},"12":{"start":{"line":49,"column":20},"end":{"line":57,"column":21}},"13":{"start":{"line":53,"column":24},"end":{"line":56,"column":27}},"14":{"start":{"line":62,"column":8},"end":{"line":69,"column":9}},"15":{"start":{"line":63,"column":12},"end":{"line":63,"column":38}},"16":{"start":{"line":65,"column":12},"end":{"line":68,"column":15}},"17":{"start":{"line":73,"column":29},"end":{"line":73,"column":74}},"18":{"start":{"line":74,"column":8},"end":{"line":76,"column":9}},"19":{"start":{"line":75,"column":12},"end":{"line":75,"column":52}},"20":{"start":{"line":80,"column":8},"end":{"line":80,"column":52}},"21":{"start":{"line":84,"column":55},"end":{"line":96,"column":9}},"22":{"start":{"line":98,"column":45},"end":{"line":100,"column":10}},"23":{"start":{"line":102,"column":8},"end":{"line":116,"column":9}},"24":{"start":{"line":103,"column":12},"end":{"line":115,"column":13}},"25":{"start":{"line":104,"column":16},"end":{"line":108,"column":17}},"26":{"start":{"line":105,"column":20},"end":{"line":105,"column":73}},"27":{"start":{"line":107,"column":20},"end":{"line":107,"column":107}},"28":{"start":{"line":109,"column":19},"end":{"line":115,"column":13}},"29":{"start":{"line":110,"column":16},"end":{"line":114,"column":17}},"30":{"start":{"line":111,"column":20},"end":{"line":111,"column":68}},"31":{"start":{"line":113,"column":20},"end":{"line":113,"column":107}}},"fnMap":{"0":{"name":"(anonymous_0)","decl":{"start":{"line":21,"column":4},"end":{"line":21,"column":5}},"loc":{"start":{"line":21,"column":18},"end":{"line":23,"column":5}},"line":21},"1":{"name":"(anonymous_1)","decl":{"start":{"line":25,"column":4},"end":{"line":25,"column":5}},"loc":{"start":{"line":25,"column":21},"end":{"line":35,"column":5}},"line":25},"2":{"name":"(anonymous_2)","decl":{"start":{"line":37,"column":4},"end":{"line":37,"column":5}},"loc":{"start":{"line":37,"column":63},"end":{"line":70,"column":5}},"line":37},"3":{"name":"(anonymous_3)","decl":{"start":{"line":44,"column":14},"end":{"line":44,"column":15}},"loc":{"start":{"line":44,"column":29},"end":{"line":60,"column":9}},"line":44},"4":{"name":"(anonymous_4)","decl":{"start":{"line":46,"column":40},"end":{"line":46,"column":41}},"loc":{"start":{"line":46,"column":60},"end":{"line":58,"column":17}},"line":46},"5":{"name":"(anonymous_5)","decl":{"start":{"line":72,"column":4},"end":{"line":72,"column":5}},"loc":{"start":{"line":72,"column":33},"end":{"line":77,"column":5}},"line":72},"6":{"name":"(anonymous_6)","decl":{"start":{"line":79,"column":4},"end":{"line":79,"column":5}},"loc":{"start":{"line":79,"column":65},"end":{"line":81,"column":5}},"line":79},"7":{"name":"(anonymous_7)","decl":{"start":{"line":83,"column":4},"end":{"line":83,"column":5}},"loc":{"start":{"line":83,"column":72},"end":{"line":117,"column":5}},"line":83}},"branchMap":{"0":{"loc":{"start":{"line":26,"column":8},"end":{"line":34,"column":9}},"type":"if","locations":[{"start":{"line":26,"column":8},"end":{"line":34,"column":9}},{"start":{"line":26,"column":8},"end":{"line":34,"column":9}}],"line":26},"1":{"loc":{"start":{"line":45,"column":12},"end":{"line":59,"column":13}},"type":"if","locations":[{"start":{"line":45,"column":12},"end":{"line":59,"column":13}},{"start":{"line":45,"column":12},"end":{"line":59,"column":13}}],"line":45},"2":{"loc":{"start":{"line":49,"column":20},"end":{"line":57,"column":21}},"type":"if","locations":[{"start":{"line":49,"column":20},"end":{"line":57,"column":21}},{"start":{"line":49,"column":20},"end":{"line":57,"column":21}}],"line":49},"3":{"loc":{"start":{"line":50,"column":24},"end":{"line":51,"column":67}},"type":"binary-expr","locations":[{"start":{"line":50,"column":24},"end":{"line":50,"column":37}},{"start":{"line":51,"column":24},"end":{"line":51,"column":67}}],"line":50},"4":{"loc":{"start":{"line":62,"column":8},"end":{"line":69,"column":9}},"type":"if","locations":[{"start":{"line":62,"column":8},"end":{"line":69,"column":9}},{"start":{"line":62,"column":8},"end":{"line":69,"column":9}}],"line":62},"5":{"loc":{"start":{"line":74,"column":8},"end":{"line":76,"column":9}},"type":"if","locations":[{"start":{"line":74,"column":8},"end":{"line":76,"column":9}},{"start":{"line":74,"column":8},"end":{"line":76,"column":9}}],"line":74},"6":{"loc":{"start":{"line":102,"column":8},"end":{"line":116,"column":9}},"type":"if","locations":[{"start":{"line":102,"column":8},"end":{"line":116,"column":9}},{"start":{"line":102,"column":8},"end":{"line":116,"column":9}}],"line":102},"7":{"loc":{"start":{"line":103,"column":12},"end":{"line":115,"column":13}},"type":"if","locations":[{"start":{"line":103,"column":12},"end":{"line":115,"column":13}},{"start":{"line":103,"column":12},"end":{"line":115,"column":13}}],"line":103},"8":{"loc":{"start":{"line":104,"column":16},"end":{"line":108,"column":17}},"type":"if","locations":[{"start":{"line":104,"column":16},"end":{"line":108,"column":17}},{"start":{"line":104,"column":16},"end":{"line":108,"column":17}}],"line":104},"9":{"loc":{"start":{"line":109,"column":19},"end":{"line":115,"column":13}},"type":"if","locations":[{"start":{"line":109,"column":19},"end":{"line":115,"column":13}},{"start":{"line":109,"column":19},"end":{"line":115,"column":13}}],"line":109},"10":{"loc":{"start":{"line":110,"column":16},"end":{"line":114,"column":17}},"type":"if","locations":[{"start":{"line":110,"column":16},"end":{"line":114,"column":17}},{"start":{"line":110,"column":16},"end":{"line":114,"column":17}}],"line":110}},"s":{"0":0,"1":0,"2":0,"3":0,"4":0,"5":0,"6":0,"7":0,"8":0,"9":0,"10":0,"11":0,"12":0,"13":0,"14":0,"15":0,"16":0,"17":0,"18":0,"19":0,"20":0,"21":0,"22":0,"23":0,"24":0,"25":0,"26":0,"27":0,"28":0,"29":0,"30":0,"31":0},"f":{"0":0,"1":0,"2":0,"3":0,"4":0,"5":0,"6":0,"7":0},"b":{"0":[0,0],"1":[0,0],"2":[0,0],"3":[0,0],"4":[0,0],"5":[0,0],"6":[0,0],"7":[0,0],"8":[0,0],"9":[0,0],"10":[0,0]},"all":true},"D:\\workspace\\powerplatform-vscode\\src\\web\\client\\webViews\\userCollaborationProvider.ts":{"path":"D:\\workspace\\powerplatform-vscode\\src\\web\\client\\webViews\\userCollaborationProvider.ts","statementMap":{"0":{"start":{"line":15,"column":8},"end":{"line":15,"column":62}},"1":{"start":{"line":17,"column":8},"end":{"line":17,"column":39}},"2":{"start":{"line":20,"column":8},"end":{"line":20,"column":41}},"3":{"start":{"line":24,"column":8},"end":{"line":24,"column":23}},"4":{"start":{"line":28,"column":8},"end":{"line":28,"column":57}},"5":{"start":{"line":32,"column":34},"end":{"line":32,"column":79}},"6":{"start":{"line":33,"column":43},"end":{"line":41,"column":10}},"7":{"start":{"line":36,"column":12},"end":{"line":40,"column":14}},"8":{"start":{"line":43,"column":8},"end":{"line":43,"column":30}},"9":{"start":{"line":53,"column":8},"end":{"line":53,"column":39}},"10":{"start":{"line":55,"column":8},"end":{"line":55,"column":34}},"11":{"start":{"line":56,"column":8},"end":{"line":56,"column":75}},"12":{"start":{"line":59,"column":19},"end":{"line":59,"column":61}}},"fnMap":{"0":{"name":"(anonymous_0)","decl":{"start":{"line":19,"column":4},"end":{"line":19,"column":5}},"loc":{"start":{"line":19,"column":20},"end":{"line":21,"column":5}},"line":19},"1":{"name":"(anonymous_1)","decl":{"start":{"line":23,"column":4},"end":{"line":23,"column":5}},"loc":{"start":{"line":23,"column":52},"end":{"line":25,"column":5}},"line":23},"2":{"name":"(anonymous_2)","decl":{"start":{"line":27,"column":4},"end":{"line":27,"column":5}},"loc":{"start":{"line":27,"column":40},"end":{"line":29,"column":5}},"line":27},"3":{"name":"(anonymous_3)","decl":{"start":{"line":31,"column":4},"end":{"line":31,"column":5}},"loc":{"start":{"line":31,"column":36},"end":{"line":44,"column":5}},"line":31},"4":{"name":"(anonymous_4)","decl":{"start":{"line":35,"column":14},"end":{"line":35,"column":15}},"loc":{"start":{"line":35,"column":29},"end":{"line":41,"column":9}},"line":35},"5":{"name":"(anonymous_5)","decl":{"start":{"line":48,"column":4},"end":{"line":48,"column":5}},"loc":{"start":{"line":52,"column":6},"end":{"line":57,"column":5}},"line":52}},"branchMap":{},"s":{"0":0,"1":0,"2":0,"3":0,"4":0,"5":0,"6":0,"7":0,"8":0,"9":0,"10":0,"11":0,"12":0},"f":{"0":0,"1":0,"2":0,"3":0,"4":0,"5":0},"b":{},"all":true},"D:\\workspace\\powerplatform-vscode\\vscode.d.ts":{"path":"D:\\workspace\\powerplatform-vscode\\vscode.d.ts","statementMap":{},"fnMap":{},"branchMap":{},"s":{},"f":{},"b":{},"all":true}}